{"name": "Verify Why why-multibank page renders correctly", "status": "broken", "statusDetails": {"message": "selenium.common.exceptions.TimeoutException: Message:", "trace": "tests\\test_content_validation.py:111: in test_why_multilink_page_renders\n    home_page.load()\nsrc\\pages\\home_page.py:18: in load\n    self.navigate_to_url(self.PAGE_URL)\nsrc\\pages\\base_page.py:33: in navigate_to_url\n    self.wait.wait_for_page_load()\nsrc\\utils\\wait_helpers.py:153: in wait_for_page_load\n    ).until(\n..\\VirtualEnv\\MVenv\\Lib\\site-packages\\selenium\\webdriver\\support\\wait.py:101: in until\n    raise TimeoutException(message, screen, stacktrace)\nE   selenium.common.exceptions.TimeoutException: Message:"}, "description": "Verify that Why why-multibank page renders with all expected components", "steps": [{"name": "Navigate to Home Page", "status": "broken", "statusDetails": {"message": "selenium.common.exceptions.TimeoutException: Message: \n\n", "trace": "  File \"C:\\KV_Files\\Automation_Framework\\Task1_TestAutoomationSuite\\src\\pages\\home_page.py\", line 18, in load\n    self.navigate_to_url(self.PAGE_URL)\n    ~~~~~~~~~~~~~~~~~~~~^^^^^^^^^^^^^^^\n  File \"C:\\KV_Files\\Automation_Framework\\Task1_TestAutoomationSuite\\src\\pages\\base_page.py\", line 33, in navigate_to_url\n    self.wait.wait_for_page_load()\n    ~~~~~~~~~~~~~~~~~~~~~~~~~~~~^^\n  File \"C:\\KV_Files\\Automation_Framework\\Task1_TestAutoomationSuite\\src\\utils\\wait_helpers.py\", line 153, in wait_for_page_load\n    ).until(\n      ~~~~~^\n        lambda driver: driver.execute_script(\"return document.readyState\") == \"complete\"\n        ^^^^^^^^^^^^^^^^^^^^^^^^^^^^^^^^^^^^^^^^^^^^^^^^^^^^^^^^^^^^^^^^^^^^^^^^^^^^^^^^\n    )\n    ^\n  File \"C:\\KV_Files\\Automation_Framework\\VirtualEnv\\MVenv\\Lib\\site-packages\\selenium\\webdriver\\support\\wait.py\", line 101, in until\n    raise TimeoutException(message, screen, stacktrace)\n"}, "start": 1765428524631, "stop": 1765428547458}], "attachments": [{"name": "log", "source": "06c3f6eb-2b61-4076-945e-042f6d89895b-attachment.txt", "type": "text/plain"}, {"name": "stdout", "source": "de86feed-aa4c-478c-a9b9-60b839cc2589-attachment.txt", "type": "text/plain"}, {"name": "stderr", "source": "b7e79985-b734-4865-a15e-40b6a6a01f36-attachment.txt", "type": "text/plain"}], "start": 1765428524630, "stop": 1765428547464, "uuid": "d1b4c691-bcae-47ba-a6ac-a440123fd720", "historyId": "d479625138714516bb93589707762658", "testCaseId": "d479625138714516bb93589707762658", "fullName": "tests.test_content_validation.TestContentValidation#test_why_multilink_page_renders", "labels": [{"name": "feature", "value": "Content Validation"}, {"name": "story", "value": "Marketing Banners and Downloads"}, {"name": "tag", "value": "regression"}, {"name": "parentSuite", "value": "tests"}, {"name": "suite", "value": "test_content_validation"}, {"name": "subSuite", "value": "TestContentValidation"}, {"name": "host", "value": "DESKTOP-T0SL6VJ"}, {"name": "thread", "value": "29508-MainThread"}, {"name": "framework", "value": "pytest"}, {"name": "language", "value": "cpython3"}, {"name": "package", "value": "tests.test_content_validation"}]}