{"name": "Verify App Store link exists", "status": "broken", "statusDetails": {"message": "selenium.common.exceptions.TimeoutException: Message: timeout: Timed out receiving message from renderer: 27.079\n  (Session info: chrome=143.0.7499.40)\nStacktrace:\nSymbols not available. Dumping unresolved backtrace:\n\t0xfa0d13\n\t0xfa0d54\n\t0xd8e6dd\n\t0xd7ed49\n\t0xd7ea85\n\t0xd7c94f\n\t0xd7d456\n\t0xd8a09b\n\t0xd9be5e\n\t0xda1976\n\t0xd7dad2\n\t0xd9bbd5\n\t0xe1de45\n\t0xdfb2e6\n\t0xdcd321\n\t0xdce1d4\n\t0x11f4d54\n\t0x11f030b\n\t0x120cbea\n\t0xfbac18\n\t0xfc2c1d\n\t0xfa9018\n\t0xfa91d9\n\t0xf93568\n\t0x75aa5d49\n\t0x779cd5db\n\t0x779cd561", "trace": "tests\\test_content_validation.py:49: in test_app_store_link_exists\n    home_page.load()\nsrc\\pages\\home_page.py:18: in load\n    self.navigate_to_url(self.PAGE_URL)\nsrc\\pages\\base_page.py:32: in navigate_to_url\n    self.driver.get(url)\n..\\VirtualEnv\\MVenv\\Lib\\site-packages\\selenium\\webdriver\\remote\\webdriver.py:356: in get\n    self.execute(Command.GET, {\"url\": url})\n..\\VirtualEnv\\MVenv\\Lib\\site-packages\\selenium\\webdriver\\remote\\webdriver.py:347: in execute\n    self.error_handler.check_response(response)\n..\\VirtualEnv\\MVenv\\Lib\\site-packages\\selenium\\webdriver\\remote\\errorhandler.py:229: in check_response\n    raise exception_class(message, screen, stacktrace)\nE   selenium.common.exceptions.TimeoutException: Message: timeout: Timed out receiving message from renderer: 27.079\nE     (Session info: chrome=143.0.7499.40)\nE   Stacktrace:\nE   Symbols not available. Dumping unresolved backtrace:\nE   \t0xfa0d13\nE   \t0xfa0d54\nE   \t0xd8e6dd\nE   \t0xd7ed49\nE   \t0xd7ea85\nE   \t0xd7c94f\nE   \t0xd7d456\nE   \t0xd8a09b\nE   \t0xd9be5e\nE   \t0xda1976\nE   \t0xd7dad2\nE   \t0xd9bbd5\nE   \t0xe1de45\nE   \t0xdfb2e6\nE   \t0xdcd321\nE   \t0xdce1d4\nE   \t0x11f4d54\nE   \t0x11f030b\nE   \t0x120cbea\nE   \t0xfbac18\nE   \t0xfc2c1d\nE   \t0xfa9018\nE   \t0xfa91d9\nE   \t0xf93568\nE   \t0x75aa5d49\nE   \t0x779cd5db\nE   \t0x779cd561"}, "description": "Verify that App Store download link is present and functional", "steps": [{"name": "Navigate to Home Page", "status": "broken", "statusDetails": {"message": "selenium.common.exceptions.TimeoutException: Message: timeout: Timed out receiving message from renderer: 27.079\n  (Session info: chrome=143.0.7499.40)\nStacktrace:\nSymbols not available. Dumping unresolved backtrace:\n\t0xfa0d13\n\t0xfa0d54\n\t0xd8e6dd\n\t0xd7ed49\n\t0xd7ea85\n\t0xd7c94f\n\t0xd7d456\n\t0xd8a09b\n\t0xd9be5e\n\t0xda1976\n\t0xd7dad2\n\t0xd9bbd5\n\t0xe1de45\n\t0xdfb2e6\n\t0xdcd321\n\t0xdce1d4\n\t0x11f4d54\n\t0x11f030b\n\t0x120cbea\n\t0xfbac18\n\t0xfc2c1d\n\t0xfa9018\n\t0xfa91d9\n\t0xf93568\n\t0x75aa5d49\n\t0x779cd5db\n\t0x779cd561\n\n", "trace": "  File \"C:\\KV_Files\\Automation_Framework\\Task1_TestAutoomationSuite\\src\\pages\\home_page.py\", line 18, in load\n    self.navigate_to_url(self.PAGE_URL)\n    ~~~~~~~~~~~~~~~~~~~~^^^^^^^^^^^^^^^\n  File \"C:\\KV_Files\\Automation_Framework\\Task1_TestAutoomationSuite\\src\\pages\\base_page.py\", line 32, in navigate_to_url\n    self.driver.get(url)\n    ~~~~~~~~~~~~~~~^^^^^\n  File \"C:\\KV_Files\\Automation_Framework\\VirtualEnv\\MVenv\\Lib\\site-packages\\selenium\\webdriver\\remote\\webdriver.py\", line 356, in get\n    self.execute(Command.GET, {\"url\": url})\n    ~~~~~~~~~~~~^^^^^^^^^^^^^^^^^^^^^^^^^^^\n  File \"C:\\KV_Files\\Automation_Framework\\VirtualEnv\\MVenv\\Lib\\site-packages\\selenium\\webdriver\\remote\\webdriver.py\", line 347, in execute\n    self.error_handler.check_response(response)\n    ~~~~~~~~~~~~~~~~~~~~~~~~~~~~~~~~~^^^^^^^^^^\n  File \"C:\\KV_Files\\Automation_Framework\\VirtualEnv\\MVenv\\Lib\\site-packages\\selenium\\webdriver\\remote\\errorhandler.py\", line 229, in check_response\n    raise exception_class(message, screen, stacktrace)\n"}, "start": 1765428495301, "stop": 1765428525350}], "attachments": [{"name": "log", "source": "a2ec4470-5300-433a-a3bc-27f30552ee9d-attachment.txt", "type": "text/plain"}, {"name": "stdout", "source": "d09ec389-1d66-429e-9ca7-3463ba1f8f12-attachment.txt", "type": "text/plain"}, {"name": "stderr", "source": "8654e707-e5b1-4035-81ac-51f102babdef-attachment.txt", "type": "text/plain"}], "start": 1765428495300, "stop": 1765428525356, "uuid": "466d5c04-7bc2-4ac1-bc4f-7ce188518871", "historyId": "122e892db7ed01a4f1eff6ffbebf400f", "testCaseId": "122e892db7ed01a4f1eff6ffbebf400f", "fullName": "tests.test_content_validation.TestContentValidation#test_app_store_link_exists", "labels": [{"name": "feature", "value": "Content Validation"}, {"name": "story", "value": "Marketing Banners and Downloads"}, {"name": "tag", "value": "smoke"}, {"name": "parentSuite", "value": "tests"}, {"name": "suite", "value": "test_content_validation"}, {"name": "subSuite", "value": "TestContentValidation"}, {"name": "host", "value": "DESKTOP-T0SL6VJ"}, {"name": "thread", "value": "32756-MainThread"}, {"name": "framework", "value": "pytest"}, {"name": "language", "value": "cpython3"}, {"name": "package", "value": "tests.test_content_validation"}]}