{"name": "Verify Google Play link is clickable", "status": "broken", "statusDetails": {"message": "selenium.common.exceptions.TimeoutException: Message: timeout: Timed out receiving message from renderer: 20.900\n  (Session info: chrome=143.0.7499.40)\nStacktrace:\nSymbols not available. Dumping unresolved backtrace:\n\t0x410d13\n\t0x410d54\n\t0x1fe6dd\n\t0x1eed49\n\t0x1eea85\n\t0x1ec94f\n\t0x1ed456\n\t0x1fa09b\n\t0x20be5e\n\t0x211976\n\t0x1edad2\n\t0x20bbd5\n\t0x28de45\n\t0x26b2e6\n\t0x23d321\n\t0x23e1d4\n\t0x664d54\n\t0x66030b\n\t0x67cbea\n\t0x42ac18\n\t0x432c1d\n\t0x419018\n\t0x4191d9\n\t0x403568\n\t0x75aa5d49\n\t0x779cd5db\n\t0x779cd561", "trace": "tests\\test_content_validation.py:96: in test_google_play_link_clickable\n    home_page.load()\nsrc\\pages\\home_page.py:18: in load\n    self.navigate_to_url(self.PAGE_URL)\nsrc\\pages\\base_page.py:32: in navigate_to_url\n    self.driver.get(url)\n..\\VirtualEnv\\MVenv\\Lib\\site-packages\\selenium\\webdriver\\remote\\webdriver.py:356: in get\n    self.execute(Command.GET, {\"url\": url})\n..\\VirtualEnv\\MVenv\\Lib\\site-packages\\selenium\\webdriver\\remote\\webdriver.py:347: in execute\n    self.error_handler.check_response(response)\n..\\VirtualEnv\\MVenv\\Lib\\site-packages\\selenium\\webdriver\\remote\\errorhandler.py:229: in check_response\n    raise exception_class(message, screen, stacktrace)\nE   selenium.common.exceptions.TimeoutException: Message: timeout: Timed out receiving message from renderer: 20.900\nE     (Session info: chrome=143.0.7499.40)\nE   Stacktrace:\nE   Symbols not available. Dumping unresolved backtrace:\nE   \t0x410d13\nE   \t0x410d54\nE   \t0x1fe6dd\nE   \t0x1eed49\nE   \t0x1eea85\nE   \t0x1ec94f\nE   \t0x1ed456\nE   \t0x1fa09b\nE   \t0x20be5e\nE   \t0x211976\nE   \t0x1edad2\nE   \t0x20bbd5\nE   \t0x28de45\nE   \t0x26b2e6\nE   \t0x23d321\nE   \t0x23e1d4\nE   \t0x664d54\nE   \t0x66030b\nE   \t0x67cbea\nE   \t0x42ac18\nE   \t0x432c1d\nE   \t0x419018\nE   \t0x4191d9\nE   \t0x403568\nE   \t0x75aa5d49\nE   \t0x779cd5db\nE   \t0x779cd561"}, "description": "Verify that Google Play link can be clicked without errors", "steps": [{"name": "Navigate to Home Page", "status": "broken", "statusDetails": {"message": "selenium.common.exceptions.TimeoutException: Message: timeout: Timed out receiving message from renderer: 20.900\n  (Session info: chrome=143.0.7499.40)\nStacktrace:\nSymbols not available. Dumping unresolved backtrace:\n\t0x410d13\n\t0x410d54\n\t0x1fe6dd\n\t0x1eed49\n\t0x1eea85\n\t0x1ec94f\n\t0x1ed456\n\t0x1fa09b\n\t0x20be5e\n\t0x211976\n\t0x1edad2\n\t0x20bbd5\n\t0x28de45\n\t0x26b2e6\n\t0x23d321\n\t0x23e1d4\n\t0x664d54\n\t0x66030b\n\t0x67cbea\n\t0x42ac18\n\t0x432c1d\n\t0x419018\n\t0x4191d9\n\t0x403568\n\t0x75aa5d49\n\t0x779cd5db\n\t0x779cd561\n\n", "trace": "  File \"C:\\KV_Files\\Automation_Framework\\Task1_TestAutoomationSuite\\src\\pages\\home_page.py\", line 18, in load\n    self.navigate_to_url(self.PAGE_URL)\n    ~~~~~~~~~~~~~~~~~~~~^^^^^^^^^^^^^^^\n  File \"C:\\KV_Files\\Automation_Framework\\Task1_TestAutoomationSuite\\src\\pages\\base_page.py\", line 32, in navigate_to_url\n    self.driver.get(url)\n    ~~~~~~~~~~~~~~~^^^^^\n  File \"C:\\KV_Files\\Automation_Framework\\VirtualEnv\\MVenv\\Lib\\site-packages\\selenium\\webdriver\\remote\\webdriver.py\", line 356, in get\n    self.execute(Command.GET, {\"url\": url})\n    ~~~~~~~~~~~~^^^^^^^^^^^^^^^^^^^^^^^^^^^\n  File \"C:\\KV_Files\\Automation_Framework\\VirtualEnv\\MVenv\\Lib\\site-packages\\selenium\\webdriver\\remote\\webdriver.py\", line 347, in execute\n    self.error_handler.check_response(response)\n    ~~~~~~~~~~~~~~~~~~~~~~~~~~~~~~~~~^^^^^^^^^^\n  File \"C:\\KV_Files\\Automation_Framework\\VirtualEnv\\MVenv\\Lib\\site-packages\\selenium\\webdriver\\remote\\errorhandler.py\", line 229, in check_response\n    raise exception_class(message, screen, stacktrace)\n"}, "start": 1765428496704, "stop": 1765428541340}], "attachments": [{"name": "log", "source": "818d6a8c-8cff-45f0-9f74-6ac0d422c929-attachment.txt", "type": "text/plain"}, {"name": "stdout", "source": "3b4e028c-5d7a-472e-ba5a-23783656434f-attachment.txt", "type": "text/plain"}, {"name": "stderr", "source": "66ac3855-c554-486c-9b37-ab425e662549-attachment.txt", "type": "text/plain"}], "start": 1765428496704, "stop": 1765428541348, "uuid": "d003ec40-14dd-4f47-9cb4-82906bb0e262", "historyId": "8ba4f42b57ae8f765d57361678386240", "testCaseId": "8ba4f42b57ae8f765d57361678386240", "fullName": "tests.test_content_validation.TestContentValidation#test_google_play_link_clickable", "labels": [{"name": "feature", "value": "Content Validation"}, {"name": "story", "value": "Marketing Banners and Downloads"}, {"name": "tag", "value": "regression"}, {"name": "parentSuite", "value": "tests"}, {"name": "suite", "value": "test_content_validation"}, {"name": "subSuite", "value": "TestContentValidation"}, {"name": "host", "value": "DESKTOP-T0SL6VJ"}, {"name": "thread", "value": "4404-MainThread"}, {"name": "framework", "value": "pytest"}, {"name": "language", "value": "cpython3"}, {"name": "package", "value": "tests.test_content_validation"}]}