{"name": "Verify download section is visible", "status": "broken", "statusDetails": {"message": "selenium.common.exceptions.TimeoutException: Message: timeout: Timed out receiving message from renderer: 30.000\n  (Session info: chrome=143.0.7499.40)\nStacktrace:\nSymbols not available. Dumping unresolved backtrace:\n\t0x410d13\n\t0x410d54\n\t0x1fe6dd\n\t0x1eed49\n\t0x1eea85\n\t0x1ec94f\n\t0x1ed456\n\t0x1fa09b\n\t0x20be5e\n\t0x211976\n\t0x1edad2\n\t0x20bbd5\n\t0x28da2f\n\t0x26b2e6\n\t0x23d321\n\t0x23e1d4\n\t0x664d54\n\t0x66030b\n\t0x67cbea\n\t0x42ac18\n\t0x432c1d\n\t0x419018\n\t0x4191d9\n\t0x403568\n\t0x75aa5d49\n\t0x779cd5db\n\t0x779cd561", "trace": "tests\\test_content_validation.py:36: in test_download_section_visible\n    home_page.load()\nsrc\\pages\\home_page.py:18: in load\n    self.navigate_to_url(self.PAGE_URL)\nsrc\\pages\\base_page.py:33: in navigate_to_url\n    self.wait.wait_for_page_load()\nsrc\\utils\\wait_helpers.py:153: in wait_for_page_load\n    ).until(\n..\\VirtualEnv\\MVenv\\Lib\\site-packages\\selenium\\webdriver\\support\\wait.py:92: in until\n    value = method(self._driver)\nsrc\\utils\\wait_helpers.py:154: in <lambda>\n    lambda driver: driver.execute_script(\"return document.readyState\") == \"complete\"\n..\\VirtualEnv\\MVenv\\Lib\\site-packages\\selenium\\webdriver\\remote\\webdriver.py:407: in execute_script\n    return self.execute(command, {\"script\": script, \"args\": converted_args})[\"value\"]\n..\\VirtualEnv\\MVenv\\Lib\\site-packages\\selenium\\webdriver\\remote\\webdriver.py:347: in execute\n    self.error_handler.check_response(response)\n..\\VirtualEnv\\MVenv\\Lib\\site-packages\\selenium\\webdriver\\remote\\errorhandler.py:229: in check_response\n    raise exception_class(message, screen, stacktrace)\nE   selenium.common.exceptions.TimeoutException: Message: timeout: Timed out receiving message from renderer: 30.000\nE     (Session info: chrome=143.0.7499.40)\nE   Stacktrace:\nE   Symbols not available. Dumping unresolved backtrace:\nE   \t0x410d13\nE   \t0x410d54\nE   \t0x1fe6dd\nE   \t0x1eed49\nE   \t0x1eea85\nE   \t0x1ec94f\nE   \t0x1ed456\nE   \t0x1fa09b\nE   \t0x20be5e\nE   \t0x211976\nE   \t0x1edad2\nE   \t0x20bbd5\nE   \t0x28da2f\nE   \t0x26b2e6\nE   \t0x23d321\nE   \t0x23e1d4\nE   \t0x664d54\nE   \t0x66030b\nE   \t0x67cbea\nE   \t0x42ac18\nE   \t0x432c1d\nE   \t0x419018\nE   \t0x4191d9\nE   \t0x403568\nE   \t0x75aa5d49\nE   \t0x779cd5db\nE   \t0x779cd561"}, "description": "Verify that the download section appears and is accessible", "steps": [{"name": "Navigate to Home Page", "status": "broken", "statusDetails": {"message": "selenium.common.exceptions.TimeoutException: Message: timeout: Timed out receiving message from renderer: 30.000\n  (Session info: chrome=143.0.7499.40)\nStacktrace:\nSymbols not available. Dumping unresolved backtrace:\n\t0x410d13\n\t0x410d54\n\t0x1fe6dd\n\t0x1eed49\n\t0x1eea85\n\t0x1ec94f\n\t0x1ed456\n\t0x1fa09b\n\t0x20be5e\n\t0x211976\n\t0x1edad2\n\t0x20bbd5\n\t0x28da2f\n\t0x26b2e6\n\t0x23d321\n\t0x23e1d4\n\t0x664d54\n\t0x66030b\n\t0x67cbea\n\t0x42ac18\n\t0x432c1d\n\t0x419018\n\t0x4191d9\n\t0x403568\n\t0x75aa5d49\n\t0x779cd5db\n\t0x779cd561\n\n", "trace": "  File \"C:\\KV_Files\\Automation_Framework\\Task1_TestAutoomationSuite\\src\\pages\\home_page.py\", line 18, in load\n    self.navigate_to_url(self.PAGE_URL)\n    ~~~~~~~~~~~~~~~~~~~~^^^^^^^^^^^^^^^\n  File \"C:\\KV_Files\\Automation_Framework\\Task1_TestAutoomationSuite\\src\\pages\\base_page.py\", line 33, in navigate_to_url\n    self.wait.wait_for_page_load()\n    ~~~~~~~~~~~~~~~~~~~~~~~~~~~~^^\n  File \"C:\\KV_Files\\Automation_Framework\\Task1_TestAutoomationSuite\\src\\utils\\wait_helpers.py\", line 153, in wait_for_page_load\n    ).until(\n      ~~~~~^\n        lambda driver: driver.execute_script(\"return document.readyState\") == \"complete\"\n        ^^^^^^^^^^^^^^^^^^^^^^^^^^^^^^^^^^^^^^^^^^^^^^^^^^^^^^^^^^^^^^^^^^^^^^^^^^^^^^^^\n    )\n    ^\n  File \"C:\\KV_Files\\Automation_Framework\\VirtualEnv\\MVenv\\Lib\\site-packages\\selenium\\webdriver\\support\\wait.py\", line 92, in until\n    value = method(self._driver)\n  File \"C:\\KV_Files\\Automation_Framework\\Task1_TestAutoomationSuite\\src\\utils\\wait_helpers.py\", line 154, in <lambda>\n    lambda driver: driver.execute_script(\"return document.readyState\") == \"complete\"\n                   ~~~~~~~~~~~~~~~~~~~~~^^^^^^^^^^^^^^^^^^^^^^^^^^^^^^\n  File \"C:\\KV_Files\\Automation_Framework\\VirtualEnv\\MVenv\\Lib\\site-packages\\selenium\\webdriver\\remote\\webdriver.py\", line 407, in execute_script\n    return self.execute(command, {\"script\": script, \"args\": converted_args})[\"value\"]\n           ~~~~~~~~~~~~^^^^^^^^^^^^^^^^^^^^^^^^^^^^^^^^^^^^^^^^^^^^^^^^^^^^^\n  File \"C:\\KV_Files\\Automation_Framework\\VirtualEnv\\MVenv\\Lib\\site-packages\\selenium\\webdriver\\remote\\webdriver.py\", line 347, in execute\n    self.error_handler.check_response(response)\n    ~~~~~~~~~~~~~~~~~~~~~~~~~~~~~~~~~^^^^^^^^^^\n  File \"C:\\KV_Files\\Automation_Framework\\VirtualEnv\\MVenv\\Lib\\site-packages\\selenium\\webdriver\\remote\\errorhandler.py\", line 229, in check_response\n    raise exception_class(message, screen, stacktrace)\n"}, "start": 1765428495395, "stop": 1765428546787}], "attachments": [{"name": "log", "source": "92f25ec7-5803-4327-8cde-feacd9583402-attachment.txt", "type": "text/plain"}, {"name": "stdout", "source": "59c5db4f-6a36-4b95-9f30-444e3a6a5c9c-attachment.txt", "type": "text/plain"}, {"name": "stderr", "source": "22343363-f090-48a1-b471-a5e99031e4a7-attachment.txt", "type": "text/plain"}], "start": 1765428495395, "stop": 1765428546796, "uuid": "01640e8b-bfe6-4dc3-914d-4a2f9a84f453", "historyId": "c729bcd1ba7e98bb2acff8c3e2750bd6", "testCaseId": "c729bcd1ba7e98bb2acff8c3e2750bd6", "fullName": "tests.test_content_validation.TestContentValidation#test_download_section_visible", "labels": [{"name": "story", "value": "Marketing Banners and Downloads"}, {"name": "feature", "value": "Content Validation"}, {"name": "tag", "value": "regression"}, {"name": "parentSuite", "value": "tests"}, {"name": "suite", "value": "test_content_validation"}, {"name": "subSuite", "value": "TestContentValidation"}, {"name": "host", "value": "DESKTOP-T0SL6VJ"}, {"name": "thread", "value": "6596-MainThread"}, {"name": "framework", "value": "pytest"}, {"name": "language", "value": "cpython3"}, {"name": "package", "value": "tests.test_content_validation"}]}