{"name": "Verify App Store link is clickable", "status": "broken", "statusDetails": {"message": "selenium.common.exceptions.TimeoutException: Message: timeout: Timed out receiving message from renderer: 28.072\n  (Session info: chrome=143.0.7499.40)\nStacktrace:\nSymbols not available. Dumping unresolved backtrace:\n\t0x8c0d13\n\t0x8c0d54\n\t0x6ae6dd\n\t0x69ed49\n\t0x69ea85\n\t0x69c94f\n\t0x69d456\n\t0x6aa09b\n\t0x6bbe5e\n\t0x6c1976\n\t0x69dad2\n\t0x6bbbd5\n\t0x73de45\n\t0x71b2e6\n\t0x6ed321\n\t0x6ee1d4\n\t0xb14d54\n\t0xb1030b\n\t0xb2cbea\n\t0x8dac18\n\t0x8e2c1d\n\t0x8c9018\n\t0x8c91d9\n\t0x8b3568\n\t0x75aa5d49\n\t0x779cd5db\n\t0x779cd561", "trace": "tests\\test_content_validation.py:81: in test_app_store_link_clickable\n    home_page.load()\nsrc\\pages\\home_page.py:18: in load\n    self.navigate_to_url(self.PAGE_URL)\nsrc\\pages\\base_page.py:32: in navigate_to_url\n    self.driver.get(url)\n..\\VirtualEnv\\MVenv\\Lib\\site-packages\\selenium\\webdriver\\remote\\webdriver.py:356: in get\n    self.execute(Command.GET, {\"url\": url})\n..\\VirtualEnv\\MVenv\\Lib\\site-packages\\selenium\\webdriver\\remote\\webdriver.py:347: in execute\n    self.error_handler.check_response(response)\n..\\VirtualEnv\\MVenv\\Lib\\site-packages\\selenium\\webdriver\\remote\\errorhandler.py:229: in check_response\n    raise exception_class(message, screen, stacktrace)\nE   selenium.common.exceptions.TimeoutException: Message: timeout: Timed out receiving message from renderer: 28.072\nE     (Session info: chrome=143.0.7499.40)\nE   Stacktrace:\nE   Symbols not available. Dumping unresolved backtrace:\nE   \t0x8c0d13\nE   \t0x8c0d54\nE   \t0x6ae6dd\nE   \t0x69ed49\nE   \t0x69ea85\nE   \t0x69c94f\nE   \t0x69d456\nE   \t0x6aa09b\nE   \t0x6bbe5e\nE   \t0x6c1976\nE   \t0x69dad2\nE   \t0x6bbbd5\nE   \t0x73de45\nE   \t0x71b2e6\nE   \t0x6ed321\nE   \t0x6ee1d4\nE   \t0xb14d54\nE   \t0xb1030b\nE   \t0xb2cbea\nE   \t0x8dac18\nE   \t0x8e2c1d\nE   \t0x8c9018\nE   \t0x8c91d9\nE   \t0x8b3568\nE   \t0x75aa5d49\nE   \t0x779cd5db\nE   \t0x779cd561"}, "description": "Verify that App Store link can be clicked without errors", "steps": [{"name": "Navigate to Home Page", "status": "broken", "statusDetails": {"message": "selenium.common.exceptions.TimeoutException: Message: timeout: Timed out receiving message from renderer: 28.072\n  (Session info: chrome=143.0.7499.40)\nStacktrace:\nSymbols not available. Dumping unresolved backtrace:\n\t0x8c0d13\n\t0x8c0d54\n\t0x6ae6dd\n\t0x69ed49\n\t0x69ea85\n\t0x69c94f\n\t0x69d456\n\t0x6aa09b\n\t0x6bbe5e\n\t0x6c1976\n\t0x69dad2\n\t0x6bbbd5\n\t0x73de45\n\t0x71b2e6\n\t0x6ed321\n\t0x6ee1d4\n\t0xb14d54\n\t0xb1030b\n\t0xb2cbea\n\t0x8dac18\n\t0x8e2c1d\n\t0x8c9018\n\t0x8c91d9\n\t0x8b3568\n\t0x75aa5d49\n\t0x779cd5db\n\t0x779cd561\n\n", "trace": "  File \"C:\\KV_Files\\Automation_Framework\\Task1_TestAutoomationSuite\\src\\pages\\home_page.py\", line 18, in load\n    self.navigate_to_url(self.PAGE_URL)\n    ~~~~~~~~~~~~~~~~~~~~^^^^^^^^^^^^^^^\n  File \"C:\\KV_Files\\Automation_Framework\\Task1_TestAutoomationSuite\\src\\pages\\base_page.py\", line 32, in navigate_to_url\n    self.driver.get(url)\n    ~~~~~~~~~~~~~~~^^^^^\n  File \"C:\\KV_Files\\Automation_Framework\\VirtualEnv\\MVenv\\Lib\\site-packages\\selenium\\webdriver\\remote\\webdriver.py\", line 356, in get\n    self.execute(Command.GET, {\"url\": url})\n    ~~~~~~~~~~~~^^^^^^^^^^^^^^^^^^^^^^^^^^^\n  File \"C:\\KV_Files\\Automation_Framework\\VirtualEnv\\MVenv\\Lib\\site-packages\\selenium\\webdriver\\remote\\webdriver.py\", line 347, in execute\n    self.error_handler.check_response(response)\n    ~~~~~~~~~~~~~~~~~~~~~~~~~~~~~~~~~^^^^^^^^^^\n  File \"C:\\KV_Files\\Automation_Framework\\VirtualEnv\\MVenv\\Lib\\site-packages\\selenium\\webdriver\\remote\\errorhandler.py\", line 229, in check_response\n    raise exception_class(message, screen, stacktrace)\n"}, "start": 1765428514670, "stop": 1765428544691}], "attachments": [{"name": "log", "source": "e3e5812f-a3a5-4614-8717-f916a0ed144c-attachment.txt", "type": "text/plain"}, {"name": "stdout", "source": "f3930a03-098e-450a-aefa-1756186deacd-attachment.txt", "type": "text/plain"}, {"name": "stderr", "source": "09355e96-b632-42ef-a2c4-db79377d0834-attachment.txt", "type": "text/plain"}], "start": 1765428514669, "stop": 1765428544698, "uuid": "cd1bd407-4a25-4006-b694-80f2018899cc", "historyId": "98848013737c553687f3947c9e695b52", "testCaseId": "98848013737c553687f3947c9e695b52", "fullName": "tests.test_content_validation.TestContentValidation#test_app_store_link_clickable", "labels": [{"name": "story", "value": "Marketing Banners and Downloads"}, {"name": "feature", "value": "Content Validation"}, {"name": "tag", "value": "regression"}, {"name": "parentSuite", "value": "tests"}, {"name": "suite", "value": "test_content_validation"}, {"name": "subSuite", "value": "TestContentValidation"}, {"name": "host", "value": "DESKTOP-T0SL6VJ"}, {"name": "thread", "value": "18496-MainThread"}, {"name": "framework", "value": "pytest"}, {"name": "language", "value": "cpython3"}, {"name": "package", "value": "tests.test_content_validation"}]}