2025-12-11 00:45:05 - src.utils.logger - INFO - ================================================================================
2025-12-11 00:45:05 - src.utils.logger - INFO - Test Session Started: 2025-12-11 00:45:05
2025-12-11 00:45:05 - src.utils.logger - INFO - ================================================================================
2025-12-11 00:45:05 - src.utils.logger - INFO - Setting up WebDriver...
2025-12-11 00:45:14 - src.utils.logger - INFO - Creating chrome WebDriver instance (headless=False)
2025-12-11 00:45:16 - src.utils.logger - INFO - Using ChromeDriver: C:\Users\Keerthi\.wdm\drivers\chromedriver\win64\143.0.7499.42\chromedriver-win32/chromedriver.exe
2025-12-11 00:45:16 - src.utils.logger - INFO - Chrome WebDriver created successfully
2025-12-11 00:45:16 - src.utils.logger - INFO - Navigating to URL: https://trade.multibank.io/
2025-12-11 00:45:24 - src.utils.logger - INFO - Element presence verified: ('xpath', "//div[contains(@class,'style_menu-container')]")
2025-12-11 00:45:24 - src.utils.logger - INFO - Home page loaded successfully
2025-12-11 00:45:25 - src.utils.logger - INFO - Element visibility verified: ('xpath', "//div[contains(@class,'style_menu-container')]")
2025-12-11 00:45:25 - src.utils.logger - INFO - ✓ Navigation menu visibility test passed
2025-12-11 00:45:25 - src.utils.logger - INFO - [PASSED] Test: test_navigation_menu_visible
2025-12-11 00:45:25 - src.utils.logger - INFO - Closing WebDriver
2025-12-11 00:45:28 - src.utils.logger - INFO - WebDriver closed successfully
2025-12-11 00:45:32 - src.utils.logger - INFO - Setting up WebDriver...
2025-12-11 00:45:37 - src.utils.logger - INFO - Creating chrome WebDriver instance (headless=False)
2025-12-11 00:45:38 - src.utils.logger - INFO - Using ChromeDriver: C:\Users\Keerthi\.wdm\drivers\chromedriver\win64\143.0.7499.42\chromedriver-win32/chromedriver.exe
2025-12-11 00:45:39 - src.utils.logger - INFO - Chrome WebDriver created successfully
2025-12-11 00:45:39 - src.utils.logger - INFO - Navigating to URL: https://trade.multibank.io/
2025-12-11 00:45:44 - src.utils.logger - INFO - Element presence verified: ('xpath', "//div[contains(@class,'style_menu-container')]")
2025-12-11 00:45:44 - src.utils.logger - INFO - Home page loaded successfully
2025-12-11 00:45:44 - src.utils.logger - INFO - Element presence verified: ('xpath', "//*[@id='trade-header-option-open-button']")
2025-12-11 00:45:44 - src.utils.logger - INFO - Element presence verified: ('xpath', "//*[@id='trade-header-option-open-button']")
2025-12-11 00:45:44 - src.utils.logger - INFO - Element presence verified: ('xpath', "//*[@id='trade-header-option-open-button']")
2025-12-11 00:45:44 - src.utils.logger - INFO - Element presence verified: ('xpath', "//*[@id='trade-header-option-open-button']")
2025-12-11 00:45:44 - src.utils.logger - INFO - Element presence verified: ('xpath', "//*[@id='about-header-option-open-button']")
2025-12-11 00:45:44 - src.utils.logger - INFO - Element presence verified: ('xpath', "//*[@id='support-header-option-open-button']")
2025-12-11 00:45:44 - src.utils.logger - INFO - All navigation items verified
2025-12-11 00:45:44 - src.utils.logger - INFO - ✓ Navigation items existence test passed
2025-12-11 00:45:44 - src.utils.logger - INFO - [PASSED] Test: test_navigation_items_exist
2025-12-11 00:45:44 - src.utils.logger - INFO - Closing WebDriver
2025-12-11 00:45:47 - src.utils.logger - INFO - WebDriver closed successfully
2025-12-11 00:45:51 - src.utils.logger - INFO - Setting up WebDriver...
2025-12-11 00:45:56 - src.utils.logger - INFO - Creating chrome WebDriver instance (headless=False)
2025-12-11 00:45:57 - src.utils.logger - INFO - Using ChromeDriver: C:\Users\Keerthi\.wdm\drivers\chromedriver\win64\143.0.7499.42\chromedriver-win32/chromedriver.exe
2025-12-11 00:45:57 - src.utils.logger - INFO - Chrome WebDriver created successfully
2025-12-11 00:45:57 - src.utils.logger - INFO - Navigating to URL: https://trade.multibank.io/
2025-12-11 00:46:03 - src.utils.logger - INFO - Element presence verified: ('xpath', "//div[contains(@class,'style_menu-container')]")
2025-12-11 00:46:03 - src.utils.logger - INFO - Home page loaded successfully
2025-12-11 00:46:05 - src.utils.logger - INFO - Clicked element: ('xpath', "//*[@id='trade-header-option-open-button']")
2025-12-11 00:46:05 - src.utils.logger - INFO - Clicked Trading navigation link
2025-12-11 00:46:15 - src.utils.logger - INFO - [FAILED] Test: test_trading_link_navigation
2025-12-11 00:46:15 - src.utils.logger - INFO - Error: self = <tests.test_navigation.TestNavigation object at 0x00000211E64190F0>, driver = <selenium.webdriver.chrome.webdriver.WebDriver (session="dc0cb0901088ca9e31460b4dd99a22b7")>

    @pytest.mark.regression
    @allure.title("Test Markets link navigation")
    @allure.description("Verify that clicking Markets link navigates to correct page")
    def test_trading_link_navigation(self, driver):
        """Test Trading link navigation"""
        home_page = HomePage(driver)
        home_page.load()
    
        initial_url = home_page.get_page_url()
        home_page.click_trading_link()
    
        # Wait for URL to change
>       WebDriverWait(driver, 10).until(
            EC.url_changes(initial_url)
        )

tests\test_navigation.py:56: 
_ _ _ _ _ _ _ _ _ _ _ _ _ _ _ _ _ _ _ _ _ _ _ _ _ _ _ _ _ _ _ _ _ _ _ _ _ _ _ _ _ _ _ _ _ _ _ _ _ _ _ _ _ _ _ _ _ _ _ _ _ _ _ _ _ _ _ _ _ _ _ _ _ _ _ _ _ _ _ _ _ _ _ _ _ _ _ _ _ _ _ _ _ _ _ _ _ _ _ _ _ _ _ _ _ _ _ _ _ _ _ _ _ _

self = <selenium.webdriver.support.wait.WebDriverWait (session="dc0cb0901088ca9e31460b4dd99a22b7")>, method = <function url_changes.<locals>._predicate at 0x00000211E35A37F0>, message = ''

    def until(self, method: Callable[[WebDriver], Union[Literal[False], T]], message: str = "") -> T:
        """Calls the method provided with the driver as an argument until the \
        return value does not evaluate to ``False``.
    
        :param method: callable(WebDriver)
        :param message: optional message for :exc:`TimeoutException`
        :returns: the result of the last call to `method`
        :raises: :exc:`selenium.common.exceptions.TimeoutException` if timeout occurs
        """
        screen = None
        stacktrace = None
    
        end_time = time.monotonic() + self._timeout
        while True:
            try:
                value = method(self._driver)
                if value:
                    return value
            except self._ignored_exceptions as exc:
                screen = getattr(exc, "screen", None)
                stacktrace = getattr(exc, "stacktrace", None)
            time.sleep(self._poll)
            if time.monotonic() > end_time:
                break
>       raise TimeoutException(message, screen, stacktrace)
E       selenium.common.exceptions.TimeoutException: Message:

..\VirtualEnv\MVenv\Lib\site-packages\selenium\webdriver\support\wait.py:101: TimeoutException
2025-12-11 00:46:15 - src.utils.logger - INFO - Closing WebDriver
2025-12-11 00:46:18 - src.utils.logger - INFO - WebDriver closed successfully
2025-12-11 00:46:18 - src.utils.logger - INFO - Setting up WebDriver...
2025-12-11 00:46:23 - src.utils.logger - INFO - Creating chrome WebDriver instance (headless=False)
2025-12-11 00:46:24 - src.utils.logger - INFO - Using ChromeDriver: C:\Users\Keerthi\.wdm\drivers\chromedriver\win64\143.0.7499.42\chromedriver-win32/chromedriver.exe
2025-12-11 00:46:24 - src.utils.logger - INFO - Chrome WebDriver created successfully
2025-12-11 00:46:24 - src.utils.logger - INFO - Navigating to URL: https://trade.multibank.io/
2025-12-11 00:46:30 - src.utils.logger - INFO - Element presence verified: ('xpath', "//div[contains(@class,'style_menu-container')]")
2025-12-11 00:46:30 - src.utils.logger - INFO - Home page loaded successfully
2025-12-11 00:46:30 - src.utils.logger - INFO - ✓ Page title test passed - Title: MultiBank.io - Home
2025-12-11 00:46:30 - src.utils.logger - INFO - [PASSED] Test: test_page_title
2025-12-11 00:46:30 - src.utils.logger - INFO - Closing WebDriver
2025-12-11 00:46:32 - src.utils.logger - INFO - WebDriver closed successfully
2025-12-11 00:46:36 - src.utils.logger - INFO - Setting up WebDriver...
2025-12-11 00:46:46 - src.utils.logger - INFO - Creating chrome WebDriver instance (headless=False)
2025-12-11 00:46:47 - src.utils.logger - INFO - Using ChromeDriver: C:\Users\Keerthi\.wdm\drivers\chromedriver\win64\143.0.7499.42\chromedriver-win32/chromedriver.exe
2025-12-11 00:46:47 - src.utils.logger - INFO - Chrome WebDriver created successfully
2025-12-11 00:46:48 - src.utils.logger - INFO - Navigating to URL: https://trade.multibank.io/
2025-12-11 00:46:56 - src.utils.logger - INFO - Element presence verified: ('xpath', "//div[contains(@class,'style_menu-container')]")
2025-12-11 00:46:56 - src.utils.logger - INFO - Home page loaded successfully
2025-12-11 00:46:56 - src.utils.logger - INFO - [FAILED] Test: test_page_layout_responsive
2025-12-11 00:46:56 - src.utils.logger - INFO - Error: self = <tests.test_navigation.TestNavigation object at 0x00000211E63CC4D0>, driver = <selenium.webdriver.chrome.webdriver.WebDriver (session="979e0862237496dd23dff9841c8b35d0")>

    @pytest.mark.regression
    @allure.title("Verify page layout responsiveness")
    @allure.description("Verify that page loads correctly with standard viewport size")
    def test_page_layout_responsive(self, driver):
        """Test page layout responsiveness"""
        home_page = HomePage(driver)
    
        # Set different viewport sizes
        viewport_sizes = [(1920, 1080), (1366, 768), (768, 1024)]
    
        for width, height in viewport_sizes:
            with allure.step(f"Verify layout at {width}x{height}"):
                driver.set_window_size(width, height)
                home_page.load()
    
                # Verify main elements are still visible
>               assert home_page.is_element_visible(
                    home_page.wait.driver.find_element(
                        *home_page.NAV_MENU if hasattr(home_page, 'NAV_MENU') else (None, None)
                    ).locator if hasattr(home_page, 'NAV_MENU') else None
                )

tests\test_navigation.py:94: 
_ _ _ _ _ _ _ _ _ _ _ _ _ _ _ _ _ _ _ _ _ _ _ _ _ _ _ _ _ _ _ _ _ _ _ _ _ _ _ _ _ _ _ _ _ _ _ _ _ _ _ _ _ _ _ _ _ _ _ _ _ _ _ _ _ _ _ _ _ _ _ _ _ _ _ _ _ _ _ _ _ _ _ _ _ _ _ _ _ _ _ _ _ _ _ _ _ _ _ _ _ _ _ _ _ _ _ _ _ _ _ _ _ _
src\pages\base_page.py:91: in is_element_visible
    return self.wait.element_is_displayed(locator, timeout)
src\utils\wait_helpers.py:174: in element_is_displayed
    WebDriverWait(self.driver, timeout).until(
..\VirtualEnv\MVenv\Lib\site-packages\selenium\webdriver\support\wait.py:92: in until
    value = method(self._driver)
_ _ _ _ _ _ _ _ _ _ _ _ _ _ _ _ _ _ _ _ _ _ _ _ _ _ _ _ _ _ _ _ _ _ _ _ _ _ _ _ _ _ _ _ _ _ _ _ _ _ _ _ _ _ _ _ _ _ _ _ _ _ _ _ _ _ _ _ _ _ _ _ _ _ _ _ _ _ _ _ _ _ _ _ _ _ _ _ _ _ _ _ _ _ _ _ _ _ _ _ _ _ _ _ _ _ _ _ _ _ _ _ _ _

driver = <selenium.webdriver.chrome.webdriver.WebDriver (session="979e0862237496dd23dff9841c8b35d0")>

    def _predicate(driver: WebDriver):
        try:
>           return _element_if_visible(driver.find_element(*locator))
E           TypeError: selenium.webdriver.remote.webdriver.WebDriver.find_element() argument after * must be an iterable, not NoneType

..\VirtualEnv\MVenv\Lib\site-packages\selenium\webdriver\support\expected_conditions.py:150: TypeError
2025-12-11 00:46:56 - src.utils.logger - INFO - Closing WebDriver
2025-12-11 00:46:59 - src.utils.logger - INFO - WebDriver closed successfully
2025-12-11 00:46:59 - src.utils.logger - INFO - ================================================================================
2025-12-11 00:46:59 - src.utils.logger - INFO - Test Session Completed: 2025-12-11 00:46:59
2025-12-11 00:46:59 - src.utils.logger - INFO - ================================================================================
