2025-12-11 07:44:59 - src.utils.logger - INFO - ================================================================================
2025-12-11 07:44:59 - src.utils.logger - INFO - Test Session Started: 2025-12-11 07:44:59
2025-12-11 07:44:59 - src.utils.logger - INFO - ================================================================================
2025-12-11 07:44:59 - src.utils.logger - INFO - Setting up WebDriver...
2025-12-11 07:45:07 - src.utils.logger - INFO - Creating chrome WebDriver instance (headless=False)
2025-12-11 07:45:08 - src.utils.logger - INFO - Using ChromeDriver: C:\Users\Keerthi\.wdm\drivers\chromedriver\win64\143.0.7499.42\chromedriver-win32/chromedriver.exe
2025-12-11 07:45:08 - src.utils.logger - INFO - Chrome WebDriver created successfully
2025-12-11 07:45:08 - src.utils.logger - INFO - Navigating to URL: https://trade.multibank.io/
2025-12-11 07:45:14 - src.utils.logger - INFO - Element presence verified: ('xpath', "//div[contains(@class,'style_menu-container')]")
2025-12-11 07:45:14 - src.utils.logger - INFO - Home page loaded successfully
2025-12-11 07:45:16 - src.utils.logger - INFO - Clicked element: ('xpath', "//*[@id='about-header-option-open-button']")
2025-12-11 07:45:16 - src.utils.logger - INFO - Clicked About navigation link
2025-12-11 07:45:26 - src.utils.logger - INFO - [FAILED] Test: test_about_link_navigation
2025-12-11 07:45:26 - src.utils.logger - INFO - Error: tests\test_navigation.py:76: in test_about_link_navigation
    WebDriverWait(driver, 10).until(EC.url_changes(initial_url))
..\VirtualEnv\MVenv\Lib\site-packages\selenium\webdriver\support\wait.py:101: in until
    raise TimeoutException(message, screen, stacktrace)
E   selenium.common.exceptions.TimeoutException: Message:
2025-12-11 07:45:26 - src.utils.logger - INFO - Closing WebDriver
2025-12-11 07:45:29 - src.utils.logger - INFO - WebDriver closed successfully
2025-12-11 07:45:29 - src.utils.logger - INFO - ================================================================================
2025-12-11 07:45:29 - src.utils.logger - INFO - Test Session Completed: 2025-12-11 07:45:29
2025-12-11 07:45:29 - src.utils.logger - INFO - ================================================================================
