{"uid":"10d2007a635ed956","name":"Verify App Store link is clickable","fullName":"tests.test_content_validation.TestContentValidation#test_app_store_link_clickable","historyId":"98848013737c553687f3947c9e695b52","time":{"start":1765428514669,"stop":1765428544698,"duration":30029},"description":"Verify that App Store link can be clicked without errors","descriptionHtml":"<p>Verify that App Store link can be clicked without errors</p>\n","status":"broken","statusMessage":"selenium.common.exceptions.TimeoutException: Message: timeout: Timed out receiving message from renderer: 28.072\n  (Session info: chrome=143.0.7499.40)\nStacktrace:\nSymbols not available. Dumping unresolved backtrace:\n\t0x8c0d13\n\t0x8c0d54\n\t0x6ae6dd\n\t0x69ed49\n\t0x69ea85\n\t0x69c94f\n\t0x69d456\n\t0x6aa09b\n\t0x6bbe5e\n\t0x6c1976\n\t0x69dad2\n\t0x6bbbd5\n\t0x73de45\n\t0x71b2e6\n\t0x6ed321\n\t0x6ee1d4\n\t0xb14d54\n\t0xb1030b\n\t0xb2cbea\n\t0x8dac18\n\t0x8e2c1d\n\t0x8c9018\n\t0x8c91d9\n\t0x8b3568\n\t0x75aa5d49\n\t0x779cd5db\n\t0x779cd561","statusTrace":"tests\\test_content_validation.py:81: in test_app_store_link_clickable\n    home_page.load()\nsrc\\pages\\home_page.py:18: in load\n    self.navigate_to_url(self.PAGE_URL)\nsrc\\pages\\base_page.py:32: in navigate_to_url\n    self.driver.get(url)\n..\\VirtualEnv\\MVenv\\Lib\\site-packages\\selenium\\webdriver\\remote\\webdriver.py:356: in get\n    self.execute(Command.GET, {\"url\": url})\n..\\VirtualEnv\\MVenv\\Lib\\site-packages\\selenium\\webdriver\\remote\\webdriver.py:347: in execute\n    self.error_handler.check_response(response)\n..\\VirtualEnv\\MVenv\\Lib\\site-packages\\selenium\\webdriver\\remote\\errorhandler.py:229: in check_response\n    raise exception_class(message, screen, stacktrace)\nE   selenium.common.exceptions.TimeoutException: Message: timeout: Timed out receiving message from renderer: 28.072\nE     (Session info: chrome=143.0.7499.40)\nE   Stacktrace:\nE   Symbols not available. Dumping unresolved backtrace:\nE   \t0x8c0d13\nE   \t0x8c0d54\nE   \t0x6ae6dd\nE   \t0x69ed49\nE   \t0x69ea85\nE   \t0x69c94f\nE   \t0x69d456\nE   \t0x6aa09b\nE   \t0x6bbe5e\nE   \t0x6c1976\nE   \t0x69dad2\nE   \t0x6bbbd5\nE   \t0x73de45\nE   \t0x71b2e6\nE   \t0x6ed321\nE   \t0x6ee1d4\nE   \t0xb14d54\nE   \t0xb1030b\nE   \t0xb2cbea\nE   \t0x8dac18\nE   \t0x8e2c1d\nE   \t0x8c9018\nE   \t0x8c91d9\nE   \t0x8b3568\nE   \t0x75aa5d49\nE   \t0x779cd5db\nE   \t0x779cd561","flaky":false,"newFailed":false,"newBroken":false,"newPassed":false,"retriesCount":0,"retriesStatusChange":false,"beforeStages":[{"name":"headless","time":{"start":1765428469157,"stop":1765428469158,"duration":1},"status":"passed","steps":[],"attachments":[],"parameters":[],"shouldDisplayMessage":false,"attachmentsCount":0,"stepsCount":0,"hasContent":false,"attachmentStep":false},{"name":"browser_name","time":{"start":1765428469157,"stop":1765428469157,"duration":0},"status":"passed","steps":[],"attachments":[],"parameters":[],"shouldDisplayMessage":false,"attachmentsCount":0,"stepsCount":0,"hasContent":false,"attachmentStep":false},{"name":"test_logger","time":{"start":1765428469158,"stop":1765428469160,"duration":2},"status":"passed","steps":[],"attachments":[],"parameters":[],"shouldDisplayMessage":false,"attachmentsCount":0,"stepsCount":0,"hasContent":false,"attachmentStep":false},{"name":"slow_mode","time":{"start":1765428469158,"stop":1765428469158,"duration":0},"status":"passed","steps":[],"attachments":[],"parameters":[],"shouldDisplayMessage":false,"attachmentsCount":0,"stepsCount":0,"hasContent":false,"attachmentStep":false},{"name":"driver","time":{"start":1765428469160,"stop":1765428514667,"duration":45507},"status":"passed","steps":[],"attachments":[],"parameters":[],"shouldDisplayMessage":false,"attachmentsCount":0,"stepsCount":0,"hasContent":false,"attachmentStep":false}],"testStage":{"description":"Verify that App Store link can be clicked without errors","status":"broken","statusMessage":"selenium.common.exceptions.TimeoutException: Message: timeout: Timed out receiving message from renderer: 28.072\n  (Session info: chrome=143.0.7499.40)\nStacktrace:\nSymbols not available. Dumping unresolved backtrace:\n\t0x8c0d13\n\t0x8c0d54\n\t0x6ae6dd\n\t0x69ed49\n\t0x69ea85\n\t0x69c94f\n\t0x69d456\n\t0x6aa09b\n\t0x6bbe5e\n\t0x6c1976\n\t0x69dad2\n\t0x6bbbd5\n\t0x73de45\n\t0x71b2e6\n\t0x6ed321\n\t0x6ee1d4\n\t0xb14d54\n\t0xb1030b\n\t0xb2cbea\n\t0x8dac18\n\t0x8e2c1d\n\t0x8c9018\n\t0x8c91d9\n\t0x8b3568\n\t0x75aa5d49\n\t0x779cd5db\n\t0x779cd561","statusTrace":"tests\\test_content_validation.py:81: in test_app_store_link_clickable\n    home_page.load()\nsrc\\pages\\home_page.py:18: in load\n    self.navigate_to_url(self.PAGE_URL)\nsrc\\pages\\base_page.py:32: in navigate_to_url\n    self.driver.get(url)\n..\\VirtualEnv\\MVenv\\Lib\\site-packages\\selenium\\webdriver\\remote\\webdriver.py:356: in get\n    self.execute(Command.GET, {\"url\": url})\n..\\VirtualEnv\\MVenv\\Lib\\site-packages\\selenium\\webdriver\\remote\\webdriver.py:347: in execute\n    self.error_handler.check_response(response)\n..\\VirtualEnv\\MVenv\\Lib\\site-packages\\selenium\\webdriver\\remote\\errorhandler.py:229: in check_response\n    raise exception_class(message, screen, stacktrace)\nE   selenium.common.exceptions.TimeoutException: Message: timeout: Timed out receiving message from renderer: 28.072\nE     (Session info: chrome=143.0.7499.40)\nE   Stacktrace:\nE   Symbols not available. Dumping unresolved backtrace:\nE   \t0x8c0d13\nE   \t0x8c0d54\nE   \t0x6ae6dd\nE   \t0x69ed49\nE   \t0x69ea85\nE   \t0x69c94f\nE   \t0x69d456\nE   \t0x6aa09b\nE   \t0x6bbe5e\nE   \t0x6c1976\nE   \t0x69dad2\nE   \t0x6bbbd5\nE   \t0x73de45\nE   \t0x71b2e6\nE   \t0x6ed321\nE   \t0x6ee1d4\nE   \t0xb14d54\nE   \t0xb1030b\nE   \t0xb2cbea\nE   \t0x8dac18\nE   \t0x8e2c1d\nE   \t0x8c9018\nE   \t0x8c91d9\nE   \t0x8b3568\nE   \t0x75aa5d49\nE   \t0x779cd5db\nE   \t0x779cd561","steps":[{"name":"Navigate to Home Page","time":{"start":1765428514670,"stop":1765428544691,"duration":30021},"status":"broken","statusMessage":"selenium.common.exceptions.TimeoutException: Message: timeout: Timed out receiving message from renderer: 28.072\n  (Session info: chrome=143.0.7499.40)\nStacktrace:\nSymbols not available. Dumping unresolved backtrace:\n\t0x8c0d13\n\t0x8c0d54\n\t0x6ae6dd\n\t0x69ed49\n\t0x69ea85\n\t0x69c94f\n\t0x69d456\n\t0x6aa09b\n\t0x6bbe5e\n\t0x6c1976\n\t0x69dad2\n\t0x6bbbd5\n\t0x73de45\n\t0x71b2e6\n\t0x6ed321\n\t0x6ee1d4\n\t0xb14d54\n\t0xb1030b\n\t0xb2cbea\n\t0x8dac18\n\t0x8e2c1d\n\t0x8c9018\n\t0x8c91d9\n\t0x8b3568\n\t0x75aa5d49\n\t0x779cd5db\n\t0x779cd561\n\n","statusTrace":"  File \"C:\\KV_Files\\Automation_Framework\\Task1_TestAutoomationSuite\\src\\pages\\home_page.py\", line 18, in load\n    self.navigate_to_url(self.PAGE_URL)\n    ~~~~~~~~~~~~~~~~~~~~^^^^^^^^^^^^^^^\n  File \"C:\\KV_Files\\Automation_Framework\\Task1_TestAutoomationSuite\\src\\pages\\base_page.py\", line 32, in navigate_to_url\n    self.driver.get(url)\n    ~~~~~~~~~~~~~~~^^^^^\n  File \"C:\\KV_Files\\Automation_Framework\\VirtualEnv\\MVenv\\Lib\\site-packages\\selenium\\webdriver\\remote\\webdriver.py\", line 356, in get\n    self.execute(Command.GET, {\"url\": url})\n    ~~~~~~~~~~~~^^^^^^^^^^^^^^^^^^^^^^^^^^^\n  File \"C:\\KV_Files\\Automation_Framework\\VirtualEnv\\MVenv\\Lib\\site-packages\\selenium\\webdriver\\remote\\webdriver.py\", line 347, in execute\n    self.error_handler.check_response(response)\n    ~~~~~~~~~~~~~~~~~~~~~~~~~~~~~~~~~^^^^^^^^^^\n  File \"C:\\KV_Files\\Automation_Framework\\VirtualEnv\\MVenv\\Lib\\site-packages\\selenium\\webdriver\\remote\\errorhandler.py\", line 229, in check_response\n    raise exception_class(message, screen, stacktrace)\n","steps":[],"attachments":[],"parameters":[],"shouldDisplayMessage":true,"attachmentsCount":0,"stepsCount":0,"hasContent":true,"attachmentStep":false}],"attachments":[{"uid":"900b236e937d0d7f","name":"log","source":"900b236e937d0d7f.txt","type":"text/plain","size":2217},{"uid":"f2ceb9ed7e60af87","name":"stdout","source":"f2ceb9ed7e60af87.txt","type":"text/plain","size":95},{"uid":"53ea0205f3b63bf9","name":"stderr","source":"53ea0205f3b63bf9.txt","type":"text/plain","size":2415}],"parameters":[],"shouldDisplayMessage":true,"attachmentsCount":3,"stepsCount":1,"hasContent":true,"attachmentStep":false},"afterStages":[{"name":"driver::0","time":{"start":1765428546075,"stop":1765428550678,"duration":4603},"status":"passed","steps":[],"attachments":[],"parameters":[],"shouldDisplayMessage":false,"attachmentsCount":0,"stepsCount":0,"hasContent":false,"attachmentStep":false},{"name":"test_logger::0","time":{"start":1765428550680,"stop":1765428550680,"duration":0},"status":"passed","steps":[],"attachments":[],"parameters":[],"shouldDisplayMessage":false,"attachmentsCount":0,"stepsCount":0,"hasContent":false,"attachmentStep":false}],"labels":[{"name":"story","value":"Marketing Banners and Downloads"},{"name":"feature","value":"Content Validation"},{"name":"tag","value":"regression"},{"name":"parentSuite","value":"tests"},{"name":"suite","value":"test_content_validation"},{"name":"subSuite","value":"TestContentValidation"},{"name":"host","value":"DESKTOP-T0SL6VJ"},{"name":"thread","value":"18496-MainThread"},{"name":"framework","value":"pytest"},{"name":"language","value":"cpython3"},{"name":"package","value":"tests.test_content_validation"},{"name":"resultFormat","value":"allure2"}],"parameters":[],"links":[],"hidden":true,"retry":true,"extra":{"categories":[],"tags":["regression"]},"source":"10d2007a635ed956.json","parameterValues":[]}