{"uid":"338af08f759f1755","name":"Verify Google Play link exists","fullName":"tests.test_content_validation.TestContentValidation#test_google_play_link_exists","historyId":"4033603dfe3d7718899431eb5a41ea2e","time":{"start":1765428504062,"stop":1765428534191,"duration":30129},"description":"Verify that Google Play download link is present and functional","descriptionHtml":"<p>Verify that Google Play download link is present and functional</p>\n","status":"broken","statusMessage":"selenium.common.exceptions.TimeoutException: Message: timeout: Timed out receiving message from renderer: 27.868\n  (Session info: chrome=143.0.7499.40)\nStacktrace:\nSymbols not available. Dumping unresolved backtrace:\n\t0x10a0d13\n\t0x10a0d54\n\t0xe8e6dd\n\t0xe7ed49\n\t0xe7ea85\n\t0xe7c94f\n\t0xe7d456\n\t0xe8a09b\n\t0xe9be5e\n\t0xea1976\n\t0xe7dad2\n\t0xe9bbd5\n\t0xf1de45\n\t0xefb2e6\n\t0xecd321\n\t0xece1d4\n\t0x12f4d54\n\t0x12f030b\n\t0x130cbea\n\t0x10bac18\n\t0x10c2c1d\n\t0x10a9018\n\t0x10a91d9\n\t0x1093568\n\t0x75aa5d49\n\t0x779cd5db\n\t0x779cd561","statusTrace":"tests\\test_content_validation.py:65: in test_google_play_link_exists\n    home_page.load()\nsrc\\pages\\home_page.py:18: in load\n    self.navigate_to_url(self.PAGE_URL)\nsrc\\pages\\base_page.py:32: in navigate_to_url\n    self.driver.get(url)\n..\\VirtualEnv\\MVenv\\Lib\\site-packages\\selenium\\webdriver\\remote\\webdriver.py:356: in get\n    self.execute(Command.GET, {\"url\": url})\n..\\VirtualEnv\\MVenv\\Lib\\site-packages\\selenium\\webdriver\\remote\\webdriver.py:347: in execute\n    self.error_handler.check_response(response)\n..\\VirtualEnv\\MVenv\\Lib\\site-packages\\selenium\\webdriver\\remote\\errorhandler.py:229: in check_response\n    raise exception_class(message, screen, stacktrace)\nE   selenium.common.exceptions.TimeoutException: Message: timeout: Timed out receiving message from renderer: 27.868\nE     (Session info: chrome=143.0.7499.40)\nE   Stacktrace:\nE   Symbols not available. Dumping unresolved backtrace:\nE   \t0x10a0d13\nE   \t0x10a0d54\nE   \t0xe8e6dd\nE   \t0xe7ed49\nE   \t0xe7ea85\nE   \t0xe7c94f\nE   \t0xe7d456\nE   \t0xe8a09b\nE   \t0xe9be5e\nE   \t0xea1976\nE   \t0xe7dad2\nE   \t0xe9bbd5\nE   \t0xf1de45\nE   \t0xefb2e6\nE   \t0xecd321\nE   \t0xece1d4\nE   \t0x12f4d54\nE   \t0x12f030b\nE   \t0x130cbea\nE   \t0x10bac18\nE   \t0x10c2c1d\nE   \t0x10a9018\nE   \t0x10a91d9\nE   \t0x1093568\nE   \t0x75aa5d49\nE   \t0x779cd5db\nE   \t0x779cd561","flaky":false,"newFailed":false,"newBroken":false,"newPassed":false,"retriesCount":0,"retriesStatusChange":false,"beforeStages":[{"name":"slow_mode","time":{"start":1765428469159,"stop":1765428469159,"duration":0},"status":"passed","steps":[],"attachments":[],"parameters":[],"shouldDisplayMessage":false,"attachmentsCount":0,"stepsCount":0,"hasContent":false,"attachmentStep":false},{"name":"test_logger","time":{"start":1765428469159,"stop":1765428469161,"duration":2},"status":"passed","steps":[],"attachments":[],"parameters":[],"shouldDisplayMessage":false,"attachmentsCount":0,"stepsCount":0,"hasContent":false,"attachmentStep":false},{"name":"headless","time":{"start":1765428469159,"stop":1765428469159,"duration":0},"status":"passed","steps":[],"attachments":[],"parameters":[],"shouldDisplayMessage":false,"attachmentsCount":0,"stepsCount":0,"hasContent":false,"attachmentStep":false},{"name":"browser_name","time":{"start":1765428469159,"stop":1765428469159,"duration":0},"status":"passed","steps":[],"attachments":[],"parameters":[],"shouldDisplayMessage":false,"attachmentsCount":0,"stepsCount":0,"hasContent":false,"attachmentStep":false},{"name":"driver","time":{"start":1765428469161,"stop":1765428504058,"duration":34897},"status":"passed","steps":[],"attachments":[],"parameters":[],"shouldDisplayMessage":false,"attachmentsCount":0,"stepsCount":0,"hasContent":false,"attachmentStep":false}],"testStage":{"description":"Verify that Google Play download link is present and functional","status":"broken","statusMessage":"selenium.common.exceptions.TimeoutException: Message: timeout: Timed out receiving message from renderer: 27.868\n  (Session info: chrome=143.0.7499.40)\nStacktrace:\nSymbols not available. Dumping unresolved backtrace:\n\t0x10a0d13\n\t0x10a0d54\n\t0xe8e6dd\n\t0xe7ed49\n\t0xe7ea85\n\t0xe7c94f\n\t0xe7d456\n\t0xe8a09b\n\t0xe9be5e\n\t0xea1976\n\t0xe7dad2\n\t0xe9bbd5\n\t0xf1de45\n\t0xefb2e6\n\t0xecd321\n\t0xece1d4\n\t0x12f4d54\n\t0x12f030b\n\t0x130cbea\n\t0x10bac18\n\t0x10c2c1d\n\t0x10a9018\n\t0x10a91d9\n\t0x1093568\n\t0x75aa5d49\n\t0x779cd5db\n\t0x779cd561","statusTrace":"tests\\test_content_validation.py:65: in test_google_play_link_exists\n    home_page.load()\nsrc\\pages\\home_page.py:18: in load\n    self.navigate_to_url(self.PAGE_URL)\nsrc\\pages\\base_page.py:32: in navigate_to_url\n    self.driver.get(url)\n..\\VirtualEnv\\MVenv\\Lib\\site-packages\\selenium\\webdriver\\remote\\webdriver.py:356: in get\n    self.execute(Command.GET, {\"url\": url})\n..\\VirtualEnv\\MVenv\\Lib\\site-packages\\selenium\\webdriver\\remote\\webdriver.py:347: in execute\n    self.error_handler.check_response(response)\n..\\VirtualEnv\\MVenv\\Lib\\site-packages\\selenium\\webdriver\\remote\\errorhandler.py:229: in check_response\n    raise exception_class(message, screen, stacktrace)\nE   selenium.common.exceptions.TimeoutException: Message: timeout: Timed out receiving message from renderer: 27.868\nE     (Session info: chrome=143.0.7499.40)\nE   Stacktrace:\nE   Symbols not available. Dumping unresolved backtrace:\nE   \t0x10a0d13\nE   \t0x10a0d54\nE   \t0xe8e6dd\nE   \t0xe7ed49\nE   \t0xe7ea85\nE   \t0xe7c94f\nE   \t0xe7d456\nE   \t0xe8a09b\nE   \t0xe9be5e\nE   \t0xea1976\nE   \t0xe7dad2\nE   \t0xe9bbd5\nE   \t0xf1de45\nE   \t0xefb2e6\nE   \t0xecd321\nE   \t0xece1d4\nE   \t0x12f4d54\nE   \t0x12f030b\nE   \t0x130cbea\nE   \t0x10bac18\nE   \t0x10c2c1d\nE   \t0x10a9018\nE   \t0x10a91d9\nE   \t0x1093568\nE   \t0x75aa5d49\nE   \t0x779cd5db\nE   \t0x779cd561","steps":[{"name":"Navigate to Home Page","time":{"start":1765428504062,"stop":1765428534181,"duration":30119},"status":"broken","statusMessage":"selenium.common.exceptions.TimeoutException: Message: timeout: Timed out receiving message from renderer: 27.868\n  (Session info: chrome=143.0.7499.40)\nStacktrace:\nSymbols not available. Dumping unresolved backtrace:\n\t0x10a0d13\n\t0x10a0d54\n\t0xe8e6dd\n\t0xe7ed49\n\t0xe7ea85\n\t0xe7c94f\n\t0xe7d456\n\t0xe8a09b\n\t0xe9be5e\n\t0xea1976\n\t0xe7dad2\n\t0xe9bbd5\n\t0xf1de45\n\t0xefb2e6\n\t0xecd321\n\t0xece1d4\n\t0x12f4d54\n\t0x12f030b\n\t0x130cbea\n\t0x10bac18\n\t0x10c2c1d\n\t0x10a9018\n\t0x10a91d9\n\t0x1093568\n\t0x75aa5d49\n\t0x779cd5db\n\t0x779cd561\n\n","statusTrace":"  File \"C:\\KV_Files\\Automation_Framework\\Task1_TestAutoomationSuite\\src\\pages\\home_page.py\", line 18, in load\n    self.navigate_to_url(self.PAGE_URL)\n    ~~~~~~~~~~~~~~~~~~~~^^^^^^^^^^^^^^^\n  File \"C:\\KV_Files\\Automation_Framework\\Task1_TestAutoomationSuite\\src\\pages\\base_page.py\", line 32, in navigate_to_url\n    self.driver.get(url)\n    ~~~~~~~~~~~~~~~^^^^^\n  File \"C:\\KV_Files\\Automation_Framework\\VirtualEnv\\MVenv\\Lib\\site-packages\\selenium\\webdriver\\remote\\webdriver.py\", line 356, in get\n    self.execute(Command.GET, {\"url\": url})\n    ~~~~~~~~~~~~^^^^^^^^^^^^^^^^^^^^^^^^^^^\n  File \"C:\\KV_Files\\Automation_Framework\\VirtualEnv\\MVenv\\Lib\\site-packages\\selenium\\webdriver\\remote\\webdriver.py\", line 347, in execute\n    self.error_handler.check_response(response)\n    ~~~~~~~~~~~~~~~~~~~~~~~~~~~~~~~~~^^^^^^^^^^\n  File \"C:\\KV_Files\\Automation_Framework\\VirtualEnv\\MVenv\\Lib\\site-packages\\selenium\\webdriver\\remote\\errorhandler.py\", line 229, in check_response\n    raise exception_class(message, screen, stacktrace)\n","steps":[],"attachments":[],"parameters":[],"shouldDisplayMessage":true,"attachmentsCount":0,"stepsCount":0,"hasContent":true,"attachmentStep":false}],"attachments":[{"uid":"1fb3bc769f78fb62","name":"log","source":"1fb3bc769f78fb62.txt","type":"text/plain","size":2215},{"uid":"c279af033180ada1","name":"stdout","source":"c279af033180ada1.txt","type":"text/plain","size":95},{"uid":"7f3df752f3e0273b","name":"stderr","source":"7f3df752f3e0273b.txt","type":"text/plain","size":2412}],"parameters":[],"shouldDisplayMessage":true,"attachmentsCount":3,"stepsCount":1,"hasContent":true,"attachmentStep":false},"afterStages":[{"name":"driver::0","time":{"start":1765428537367,"stop":1765428541881,"duration":4514},"status":"passed","steps":[],"attachments":[],"parameters":[],"shouldDisplayMessage":false,"attachmentsCount":0,"stepsCount":0,"hasContent":false,"attachmentStep":false},{"name":"test_logger::0","time":{"start":1765428541883,"stop":1765428541885,"duration":2},"status":"passed","steps":[],"attachments":[],"parameters":[],"shouldDisplayMessage":false,"attachmentsCount":0,"stepsCount":0,"hasContent":false,"attachmentStep":false}],"labels":[{"name":"feature","value":"Content Validation"},{"name":"story","value":"Marketing Banners and Downloads"},{"name":"tag","value":"smoke"},{"name":"parentSuite","value":"tests"},{"name":"suite","value":"test_content_validation"},{"name":"subSuite","value":"TestContentValidation"},{"name":"host","value":"DESKTOP-T0SL6VJ"},{"name":"thread","value":"32528-MainThread"},{"name":"framework","value":"pytest"},{"name":"language","value":"cpython3"},{"name":"package","value":"tests.test_content_validation"},{"name":"resultFormat","value":"allure2"}],"parameters":[],"links":[],"hidden":true,"retry":true,"extra":{"categories":[],"tags":["smoke"]},"source":"338af08f759f1755.json","parameterValues":[]}