{"uid":"43842f125de68eb1","name":"Test About-Awards link navigation","fullName":"tests.test_navigation.TestNavigation#test_about_link_navigation","historyId":"1618091ccc29c187c66c1465f93dc023","time":{"start":1765428510353,"stop":1765428540392,"duration":30039},"description":"Verify that clicking About link navigates to Awards page","descriptionHtml":"<p>Verify that clicking About link navigates to Awards page</p>\n","status":"broken","statusMessage":"selenium.common.exceptions.TimeoutException: Message: timeout: Timed out receiving message from renderer: 28.258\n  (Session info: chrome=143.0.7499.40)\nStacktrace:\nSymbols not available. Dumping unresolved backtrace:\n\t0x11d0d13\n\t0x11d0d54\n\t0xfbe6dd\n\t0xfaed49\n\t0xfaea85\n\t0xfac94f\n\t0xfad456\n\t0xfba09b\n\t0xfcbe5e\n\t0xfd1976\n\t0xfadad2\n\t0xfcbbd5\n\t0x104de45\n\t0x102b2e6\n\t0xffd321\n\t0xffe1d4\n\t0x1424d54\n\t0x142030b\n\t0x143cbea\n\t0x11eac18\n\t0x11f2c1d\n\t0x11d9018\n\t0x11d91d9\n\t0x11c3568\n\t0x75aa5d49\n\t0x779cd5db\n\t0x779cd561","statusTrace":"tests\\test_navigation.py:69: in test_about_link_navigation\n    home_page.load()\nsrc\\pages\\home_page.py:18: in load\n    self.navigate_to_url(self.PAGE_URL)\nsrc\\pages\\base_page.py:32: in navigate_to_url\n    self.driver.get(url)\n..\\VirtualEnv\\MVenv\\Lib\\site-packages\\selenium\\webdriver\\remote\\webdriver.py:356: in get\n    self.execute(Command.GET, {\"url\": url})\n..\\VirtualEnv\\MVenv\\Lib\\site-packages\\selenium\\webdriver\\remote\\webdriver.py:347: in execute\n    self.error_handler.check_response(response)\n..\\VirtualEnv\\MVenv\\Lib\\site-packages\\selenium\\webdriver\\remote\\errorhandler.py:229: in check_response\n    raise exception_class(message, screen, stacktrace)\nE   selenium.common.exceptions.TimeoutException: Message: timeout: Timed out receiving message from renderer: 28.258\nE     (Session info: chrome=143.0.7499.40)\nE   Stacktrace:\nE   Symbols not available. Dumping unresolved backtrace:\nE   \t0x11d0d13\nE   \t0x11d0d54\nE   \t0xfbe6dd\nE   \t0xfaed49\nE   \t0xfaea85\nE   \t0xfac94f\nE   \t0xfad456\nE   \t0xfba09b\nE   \t0xfcbe5e\nE   \t0xfd1976\nE   \t0xfadad2\nE   \t0xfcbbd5\nE   \t0x104de45\nE   \t0x102b2e6\nE   \t0xffd321\nE   \t0xffe1d4\nE   \t0x1424d54\nE   \t0x142030b\nE   \t0x143cbea\nE   \t0x11eac18\nE   \t0x11f2c1d\nE   \t0x11d9018\nE   \t0x11d91d9\nE   \t0x11c3568\nE   \t0x75aa5d49\nE   \t0x779cd5db\nE   \t0x779cd561","flaky":false,"newFailed":false,"newBroken":false,"newPassed":false,"retriesCount":0,"retriesStatusChange":false,"beforeStages":[{"name":"headless","time":{"start":1765428469157,"stop":1765428469158,"duration":1},"status":"passed","steps":[],"attachments":[],"parameters":[],"shouldDisplayMessage":false,"attachmentsCount":0,"stepsCount":0,"hasContent":false,"attachmentStep":false},{"name":"browser_name","time":{"start":1765428469157,"stop":1765428469157,"duration":0},"status":"passed","steps":[],"attachments":[],"parameters":[],"shouldDisplayMessage":false,"attachmentsCount":0,"stepsCount":0,"hasContent":false,"attachmentStep":false},{"name":"test_logger","time":{"start":1765428469158,"stop":1765428469160,"duration":2},"status":"passed","steps":[],"attachments":[],"parameters":[],"shouldDisplayMessage":false,"attachmentsCount":0,"stepsCount":0,"hasContent":false,"attachmentStep":false},{"name":"slow_mode","time":{"start":1765428469158,"stop":1765428469158,"duration":0},"status":"passed","steps":[],"attachments":[],"parameters":[],"shouldDisplayMessage":false,"attachmentsCount":0,"stepsCount":0,"hasContent":false,"attachmentStep":false},{"name":"driver","time":{"start":1765428469160,"stop":1765428510350,"duration":41190},"status":"passed","steps":[],"attachments":[],"parameters":[],"shouldDisplayMessage":false,"attachmentsCount":0,"stepsCount":0,"hasContent":false,"attachmentStep":false}],"testStage":{"description":"Verify that clicking About link navigates to Awards page","status":"broken","statusMessage":"selenium.common.exceptions.TimeoutException: Message: timeout: Timed out receiving message from renderer: 28.258\n  (Session info: chrome=143.0.7499.40)\nStacktrace:\nSymbols not available. Dumping unresolved backtrace:\n\t0x11d0d13\n\t0x11d0d54\n\t0xfbe6dd\n\t0xfaed49\n\t0xfaea85\n\t0xfac94f\n\t0xfad456\n\t0xfba09b\n\t0xfcbe5e\n\t0xfd1976\n\t0xfadad2\n\t0xfcbbd5\n\t0x104de45\n\t0x102b2e6\n\t0xffd321\n\t0xffe1d4\n\t0x1424d54\n\t0x142030b\n\t0x143cbea\n\t0x11eac18\n\t0x11f2c1d\n\t0x11d9018\n\t0x11d91d9\n\t0x11c3568\n\t0x75aa5d49\n\t0x779cd5db\n\t0x779cd561","statusTrace":"tests\\test_navigation.py:69: in test_about_link_navigation\n    home_page.load()\nsrc\\pages\\home_page.py:18: in load\n    self.navigate_to_url(self.PAGE_URL)\nsrc\\pages\\base_page.py:32: in navigate_to_url\n    self.driver.get(url)\n..\\VirtualEnv\\MVenv\\Lib\\site-packages\\selenium\\webdriver\\remote\\webdriver.py:356: in get\n    self.execute(Command.GET, {\"url\": url})\n..\\VirtualEnv\\MVenv\\Lib\\site-packages\\selenium\\webdriver\\remote\\webdriver.py:347: in execute\n    self.error_handler.check_response(response)\n..\\VirtualEnv\\MVenv\\Lib\\site-packages\\selenium\\webdriver\\remote\\errorhandler.py:229: in check_response\n    raise exception_class(message, screen, stacktrace)\nE   selenium.common.exceptions.TimeoutException: Message: timeout: Timed out receiving message from renderer: 28.258\nE     (Session info: chrome=143.0.7499.40)\nE   Stacktrace:\nE   Symbols not available. Dumping unresolved backtrace:\nE   \t0x11d0d13\nE   \t0x11d0d54\nE   \t0xfbe6dd\nE   \t0xfaed49\nE   \t0xfaea85\nE   \t0xfac94f\nE   \t0xfad456\nE   \t0xfba09b\nE   \t0xfcbe5e\nE   \t0xfd1976\nE   \t0xfadad2\nE   \t0xfcbbd5\nE   \t0x104de45\nE   \t0x102b2e6\nE   \t0xffd321\nE   \t0xffe1d4\nE   \t0x1424d54\nE   \t0x142030b\nE   \t0x143cbea\nE   \t0x11eac18\nE   \t0x11f2c1d\nE   \t0x11d9018\nE   \t0x11d91d9\nE   \t0x11c3568\nE   \t0x75aa5d49\nE   \t0x779cd5db\nE   \t0x779cd561","steps":[{"name":"Navigate to Home Page","time":{"start":1765428510354,"stop":1765428540385,"duration":30031},"status":"broken","statusMessage":"selenium.common.exceptions.TimeoutException: Message: timeout: Timed out receiving message from renderer: 28.258\n  (Session info: chrome=143.0.7499.40)\nStacktrace:\nSymbols not available. Dumping unresolved backtrace:\n\t0x11d0d13\n\t0x11d0d54\n\t0xfbe6dd\n\t0xfaed49\n\t0xfaea85\n\t0xfac94f\n\t0xfad456\n\t0xfba09b\n\t0xfcbe5e\n\t0xfd1976\n\t0xfadad2\n\t0xfcbbd5\n\t0x104de45\n\t0x102b2e6\n\t0xffd321\n\t0xffe1d4\n\t0x1424d54\n\t0x142030b\n\t0x143cbea\n\t0x11eac18\n\t0x11f2c1d\n\t0x11d9018\n\t0x11d91d9\n\t0x11c3568\n\t0x75aa5d49\n\t0x779cd5db\n\t0x779cd561\n\n","statusTrace":"  File \"C:\\KV_Files\\Automation_Framework\\Task1_TestAutoomationSuite\\src\\pages\\home_page.py\", line 18, in load\n    self.navigate_to_url(self.PAGE_URL)\n    ~~~~~~~~~~~~~~~~~~~~^^^^^^^^^^^^^^^\n  File \"C:\\KV_Files\\Automation_Framework\\Task1_TestAutoomationSuite\\src\\pages\\base_page.py\", line 32, in navigate_to_url\n    self.driver.get(url)\n    ~~~~~~~~~~~~~~~^^^^^\n  File \"C:\\KV_Files\\Automation_Framework\\VirtualEnv\\MVenv\\Lib\\site-packages\\selenium\\webdriver\\remote\\webdriver.py\", line 356, in get\n    self.execute(Command.GET, {\"url\": url})\n    ~~~~~~~~~~~~^^^^^^^^^^^^^^^^^^^^^^^^^^^\n  File \"C:\\KV_Files\\Automation_Framework\\VirtualEnv\\MVenv\\Lib\\site-packages\\selenium\\webdriver\\remote\\webdriver.py\", line 347, in execute\n    self.error_handler.check_response(response)\n    ~~~~~~~~~~~~~~~~~~~~~~~~~~~~~~~~~^^^^^^^^^^\n  File \"C:\\KV_Files\\Automation_Framework\\VirtualEnv\\MVenv\\Lib\\site-packages\\selenium\\webdriver\\remote\\errorhandler.py\", line 229, in check_response\n    raise exception_class(message, screen, stacktrace)\n","steps":[],"attachments":[],"parameters":[],"shouldDisplayMessage":true,"attachmentsCount":0,"stepsCount":0,"hasContent":true,"attachmentStep":false}],"attachments":[{"uid":"7f8ecd3f4ad61fe9","name":"log","source":"7f8ecd3f4ad61fe9.txt","type":"text/plain","size":2213},{"uid":"e38f83bdab4314e1","name":"stdout","source":"e38f83bdab4314e1.txt","type":"text/plain","size":95},{"uid":"b2619c979b0e5b46","name":"stderr","source":"b2619c979b0e5b46.txt","type":"text/plain","size":2408}],"parameters":[],"shouldDisplayMessage":true,"attachmentsCount":3,"stepsCount":1,"hasContent":true,"attachmentStep":false},"afterStages":[{"name":"driver::0","time":{"start":1765428542805,"stop":1765428547726,"duration":4921},"status":"passed","steps":[],"attachments":[],"parameters":[],"shouldDisplayMessage":false,"attachmentsCount":0,"stepsCount":0,"hasContent":false,"attachmentStep":false},{"name":"test_logger::0","time":{"start":1765428547728,"stop":1765428547728,"duration":0},"status":"passed","steps":[],"attachments":[],"parameters":[],"shouldDisplayMessage":false,"attachmentsCount":0,"stepsCount":0,"hasContent":false,"attachmentStep":false}],"labels":[{"name":"feature","value":"Navigation & Layout"},{"name":"story","value":"Top Navigation Menu"},{"name":"tag","value":"regression"},{"name":"parentSuite","value":"tests"},{"name":"suite","value":"test_navigation"},{"name":"subSuite","value":"TestNavigation"},{"name":"host","value":"DESKTOP-T0SL6VJ"},{"name":"thread","value":"29188-MainThread"},{"name":"framework","value":"pytest"},{"name":"language","value":"cpython3"},{"name":"package","value":"tests.test_navigation"},{"name":"resultFormat","value":"allure2"}],"parameters":[],"links":[],"hidden":true,"retry":true,"extra":{"categories":[],"tags":["regression"]},"source":"43842f125de68eb1.json","parameterValues":[]}