{"uid":"9975a5cd25397616","name":"Verify all navigation items exist","fullName":"tests.test_navigation.TestNavigation#test_navigation_items_exist","historyId":"76939e96dfdcd2deddde09d668eba92b","time":{"start":1765428499137,"stop":1765428529201,"duration":30064},"description":"Verify that all expected navigation items are present in the menu","descriptionHtml":"<p>Verify that all expected navigation items are present in the menu</p>\n","status":"broken","statusMessage":"selenium.common.exceptions.TimeoutException: Message: timeout: Timed out receiving message from renderer: 28.747\n  (Session info: chrome=143.0.7499.40)\nStacktrace:\nSymbols not available. Dumping unresolved backtrace:\n\t0x790d13\n\t0x790d54\n\t0x57e6dd\n\t0x56ed49\n\t0x56ea85\n\t0x56c94f\n\t0x56d456\n\t0x57a09b\n\t0x58be5e\n\t0x591976\n\t0x56dad2\n\t0x58bbd5\n\t0x60de45\n\t0x5eb2e6\n\t0x5bd321\n\t0x5be1d4\n\t0x9e4d54\n\t0x9e030b\n\t0x9fcbea\n\t0x7aac18\n\t0x7b2c1d\n\t0x799018\n\t0x7991d9\n\t0x783568\n\t0x75aa5d49\n\t0x779cd5db\n\t0x779cd561","statusTrace":"tests\\test_navigation.py:37: in test_navigation_items_exist\n    home_page.load()\nsrc\\pages\\home_page.py:18: in load\n    self.navigate_to_url(self.PAGE_URL)\nsrc\\pages\\base_page.py:32: in navigate_to_url\n    self.driver.get(url)\n..\\VirtualEnv\\MVenv\\Lib\\site-packages\\selenium\\webdriver\\remote\\webdriver.py:356: in get\n    self.execute(Command.GET, {\"url\": url})\n..\\VirtualEnv\\MVenv\\Lib\\site-packages\\selenium\\webdriver\\remote\\webdriver.py:347: in execute\n    self.error_handler.check_response(response)\n..\\VirtualEnv\\MVenv\\Lib\\site-packages\\selenium\\webdriver\\remote\\errorhandler.py:229: in check_response\n    raise exception_class(message, screen, stacktrace)\nE   selenium.common.exceptions.TimeoutException: Message: timeout: Timed out receiving message from renderer: 28.747\nE     (Session info: chrome=143.0.7499.40)\nE   Stacktrace:\nE   Symbols not available. Dumping unresolved backtrace:\nE   \t0x790d13\nE   \t0x790d54\nE   \t0x57e6dd\nE   \t0x56ed49\nE   \t0x56ea85\nE   \t0x56c94f\nE   \t0x56d456\nE   \t0x57a09b\nE   \t0x58be5e\nE   \t0x591976\nE   \t0x56dad2\nE   \t0x58bbd5\nE   \t0x60de45\nE   \t0x5eb2e6\nE   \t0x5bd321\nE   \t0x5be1d4\nE   \t0x9e4d54\nE   \t0x9e030b\nE   \t0x9fcbea\nE   \t0x7aac18\nE   \t0x7b2c1d\nE   \t0x799018\nE   \t0x7991d9\nE   \t0x783568\nE   \t0x75aa5d49\nE   \t0x779cd5db\nE   \t0x779cd561","flaky":false,"newFailed":false,"newBroken":false,"newPassed":false,"retriesCount":0,"retriesStatusChange":false,"beforeStages":[{"name":"headless","time":{"start":1765428469157,"stop":1765428469157,"duration":0},"status":"passed","steps":[],"attachments":[],"parameters":[],"shouldDisplayMessage":false,"attachmentsCount":0,"stepsCount":0,"hasContent":false,"attachmentStep":false},{"name":"browser_name","time":{"start":1765428469157,"stop":1765428469157,"duration":0},"status":"passed","steps":[],"attachments":[],"parameters":[],"shouldDisplayMessage":false,"attachmentsCount":0,"stepsCount":0,"hasContent":false,"attachmentStep":false},{"name":"test_logger","time":{"start":1765428469158,"stop":1765428469160,"duration":2},"status":"passed","steps":[],"attachments":[],"parameters":[],"shouldDisplayMessage":false,"attachmentsCount":0,"stepsCount":0,"hasContent":false,"attachmentStep":false},{"name":"slow_mode","time":{"start":1765428469158,"stop":1765428469158,"duration":0},"status":"passed","steps":[],"attachments":[],"parameters":[],"shouldDisplayMessage":false,"attachmentsCount":0,"stepsCount":0,"hasContent":false,"attachmentStep":false},{"name":"driver","time":{"start":1765428469160,"stop":1765428499135,"duration":29975},"status":"passed","steps":[],"attachments":[],"parameters":[],"shouldDisplayMessage":false,"attachmentsCount":0,"stepsCount":0,"hasContent":false,"attachmentStep":false}],"testStage":{"description":"Verify that all expected navigation items are present in the menu","status":"broken","statusMessage":"selenium.common.exceptions.TimeoutException: Message: timeout: Timed out receiving message from renderer: 28.747\n  (Session info: chrome=143.0.7499.40)\nStacktrace:\nSymbols not available. Dumping unresolved backtrace:\n\t0x790d13\n\t0x790d54\n\t0x57e6dd\n\t0x56ed49\n\t0x56ea85\n\t0x56c94f\n\t0x56d456\n\t0x57a09b\n\t0x58be5e\n\t0x591976\n\t0x56dad2\n\t0x58bbd5\n\t0x60de45\n\t0x5eb2e6\n\t0x5bd321\n\t0x5be1d4\n\t0x9e4d54\n\t0x9e030b\n\t0x9fcbea\n\t0x7aac18\n\t0x7b2c1d\n\t0x799018\n\t0x7991d9\n\t0x783568\n\t0x75aa5d49\n\t0x779cd5db\n\t0x779cd561","statusTrace":"tests\\test_navigation.py:37: in test_navigation_items_exist\n    home_page.load()\nsrc\\pages\\home_page.py:18: in load\n    self.navigate_to_url(self.PAGE_URL)\nsrc\\pages\\base_page.py:32: in navigate_to_url\n    self.driver.get(url)\n..\\VirtualEnv\\MVenv\\Lib\\site-packages\\selenium\\webdriver\\remote\\webdriver.py:356: in get\n    self.execute(Command.GET, {\"url\": url})\n..\\VirtualEnv\\MVenv\\Lib\\site-packages\\selenium\\webdriver\\remote\\webdriver.py:347: in execute\n    self.error_handler.check_response(response)\n..\\VirtualEnv\\MVenv\\Lib\\site-packages\\selenium\\webdriver\\remote\\errorhandler.py:229: in check_response\n    raise exception_class(message, screen, stacktrace)\nE   selenium.common.exceptions.TimeoutException: Message: timeout: Timed out receiving message from renderer: 28.747\nE     (Session info: chrome=143.0.7499.40)\nE   Stacktrace:\nE   Symbols not available. Dumping unresolved backtrace:\nE   \t0x790d13\nE   \t0x790d54\nE   \t0x57e6dd\nE   \t0x56ed49\nE   \t0x56ea85\nE   \t0x56c94f\nE   \t0x56d456\nE   \t0x57a09b\nE   \t0x58be5e\nE   \t0x591976\nE   \t0x56dad2\nE   \t0x58bbd5\nE   \t0x60de45\nE   \t0x5eb2e6\nE   \t0x5bd321\nE   \t0x5be1d4\nE   \t0x9e4d54\nE   \t0x9e030b\nE   \t0x9fcbea\nE   \t0x7aac18\nE   \t0x7b2c1d\nE   \t0x799018\nE   \t0x7991d9\nE   \t0x783568\nE   \t0x75aa5d49\nE   \t0x779cd5db\nE   \t0x779cd561","steps":[{"name":"Navigate to Home Page","time":{"start":1765428499137,"stop":1765428529194,"duration":30057},"status":"broken","statusMessage":"selenium.common.exceptions.TimeoutException: Message: timeout: Timed out receiving message from renderer: 28.747\n  (Session info: chrome=143.0.7499.40)\nStacktrace:\nSymbols not available. Dumping unresolved backtrace:\n\t0x790d13\n\t0x790d54\n\t0x57e6dd\n\t0x56ed49\n\t0x56ea85\n\t0x56c94f\n\t0x56d456\n\t0x57a09b\n\t0x58be5e\n\t0x591976\n\t0x56dad2\n\t0x58bbd5\n\t0x60de45\n\t0x5eb2e6\n\t0x5bd321\n\t0x5be1d4\n\t0x9e4d54\n\t0x9e030b\n\t0x9fcbea\n\t0x7aac18\n\t0x7b2c1d\n\t0x799018\n\t0x7991d9\n\t0x783568\n\t0x75aa5d49\n\t0x779cd5db\n\t0x779cd561\n\n","statusTrace":"  File \"C:\\KV_Files\\Automation_Framework\\Task1_TestAutoomationSuite\\src\\pages\\home_page.py\", line 18, in load\n    self.navigate_to_url(self.PAGE_URL)\n    ~~~~~~~~~~~~~~~~~~~~^^^^^^^^^^^^^^^\n  File \"C:\\KV_Files\\Automation_Framework\\Task1_TestAutoomationSuite\\src\\pages\\base_page.py\", line 32, in navigate_to_url\n    self.driver.get(url)\n    ~~~~~~~~~~~~~~~^^^^^\n  File \"C:\\KV_Files\\Automation_Framework\\VirtualEnv\\MVenv\\Lib\\site-packages\\selenium\\webdriver\\remote\\webdriver.py\", line 356, in get\n    self.execute(Command.GET, {\"url\": url})\n    ~~~~~~~~~~~~^^^^^^^^^^^^^^^^^^^^^^^^^^^\n  File \"C:\\KV_Files\\Automation_Framework\\VirtualEnv\\MVenv\\Lib\\site-packages\\selenium\\webdriver\\remote\\webdriver.py\", line 347, in execute\n    self.error_handler.check_response(response)\n    ~~~~~~~~~~~~~~~~~~~~~~~~~~~~~~~~~^^^^^^^^^^\n  File \"C:\\KV_Files\\Automation_Framework\\VirtualEnv\\MVenv\\Lib\\site-packages\\selenium\\webdriver\\remote\\errorhandler.py\", line 229, in check_response\n    raise exception_class(message, screen, stacktrace)\n","steps":[],"attachments":[],"parameters":[],"shouldDisplayMessage":true,"attachmentsCount":0,"stepsCount":0,"hasContent":true,"attachmentStep":false}],"attachments":[{"uid":"99671332b54762cd","name":"log","source":"99671332b54762cd.txt","type":"text/plain","size":2213},{"uid":"466143fb1aab1a6d","name":"stdout","source":"466143fb1aab1a6d.txt","type":"text/plain","size":95},{"uid":"89accd7efa6e2465","name":"stderr","source":"89accd7efa6e2465.txt","type":"text/plain","size":2409}],"parameters":[],"shouldDisplayMessage":true,"attachmentsCount":3,"stepsCount":1,"hasContent":true,"attachmentStep":false},"afterStages":[{"name":"driver::0","time":{"start":1765428535472,"stop":1765428554774,"duration":19302},"status":"passed","steps":[],"attachments":[],"parameters":[],"shouldDisplayMessage":false,"attachmentsCount":0,"stepsCount":0,"hasContent":false,"attachmentStep":false},{"name":"test_logger::0","time":{"start":1765428554775,"stop":1765428554775,"duration":0},"status":"passed","steps":[],"attachments":[],"parameters":[],"shouldDisplayMessage":false,"attachmentsCount":0,"stepsCount":0,"hasContent":false,"attachmentStep":false}],"labels":[{"name":"story","value":"Top Navigation Menu"},{"name":"feature","value":"Navigation & Layout"},{"name":"tag","value":"smoke"},{"name":"parentSuite","value":"tests"},{"name":"suite","value":"test_navigation"},{"name":"subSuite","value":"TestNavigation"},{"name":"host","value":"DESKTOP-T0SL6VJ"},{"name":"thread","value":"25060-MainThread"},{"name":"framework","value":"pytest"},{"name":"language","value":"cpython3"},{"name":"package","value":"tests.test_navigation"},{"name":"resultFormat","value":"allure2"}],"parameters":[],"links":[],"hidden":true,"retry":true,"extra":{"categories":[],"tags":["smoke"]},"source":"9975a5cd25397616.json","parameterValues":[]}