{"uid":"d231a1512569874c","name":"Verify App Store link exists","fullName":"tests.test_content_validation.TestContentValidation#test_app_store_link_exists","historyId":"122e892db7ed01a4f1eff6ffbebf400f","time":{"start":1765428495300,"stop":1765428525356,"duration":30056},"description":"Verify that App Store download link is present and functional","descriptionHtml":"<p>Verify that App Store download link is present and functional</p>\n","status":"broken","statusMessage":"selenium.common.exceptions.TimeoutException: Message: timeout: Timed out receiving message from renderer: 27.079\n  (Session info: chrome=143.0.7499.40)\nStacktrace:\nSymbols not available. Dumping unresolved backtrace:\n\t0xfa0d13\n\t0xfa0d54\n\t0xd8e6dd\n\t0xd7ed49\n\t0xd7ea85\n\t0xd7c94f\n\t0xd7d456\n\t0xd8a09b\n\t0xd9be5e\n\t0xda1976\n\t0xd7dad2\n\t0xd9bbd5\n\t0xe1de45\n\t0xdfb2e6\n\t0xdcd321\n\t0xdce1d4\n\t0x11f4d54\n\t0x11f030b\n\t0x120cbea\n\t0xfbac18\n\t0xfc2c1d\n\t0xfa9018\n\t0xfa91d9\n\t0xf93568\n\t0x75aa5d49\n\t0x779cd5db\n\t0x779cd561","statusTrace":"tests\\test_content_validation.py:49: in test_app_store_link_exists\n    home_page.load()\nsrc\\pages\\home_page.py:18: in load\n    self.navigate_to_url(self.PAGE_URL)\nsrc\\pages\\base_page.py:32: in navigate_to_url\n    self.driver.get(url)\n..\\VirtualEnv\\MVenv\\Lib\\site-packages\\selenium\\webdriver\\remote\\webdriver.py:356: in get\n    self.execute(Command.GET, {\"url\": url})\n..\\VirtualEnv\\MVenv\\Lib\\site-packages\\selenium\\webdriver\\remote\\webdriver.py:347: in execute\n    self.error_handler.check_response(response)\n..\\VirtualEnv\\MVenv\\Lib\\site-packages\\selenium\\webdriver\\remote\\errorhandler.py:229: in check_response\n    raise exception_class(message, screen, stacktrace)\nE   selenium.common.exceptions.TimeoutException: Message: timeout: Timed out receiving message from renderer: 27.079\nE     (Session info: chrome=143.0.7499.40)\nE   Stacktrace:\nE   Symbols not available. Dumping unresolved backtrace:\nE   \t0xfa0d13\nE   \t0xfa0d54\nE   \t0xd8e6dd\nE   \t0xd7ed49\nE   \t0xd7ea85\nE   \t0xd7c94f\nE   \t0xd7d456\nE   \t0xd8a09b\nE   \t0xd9be5e\nE   \t0xda1976\nE   \t0xd7dad2\nE   \t0xd9bbd5\nE   \t0xe1de45\nE   \t0xdfb2e6\nE   \t0xdcd321\nE   \t0xdce1d4\nE   \t0x11f4d54\nE   \t0x11f030b\nE   \t0x120cbea\nE   \t0xfbac18\nE   \t0xfc2c1d\nE   \t0xfa9018\nE   \t0xfa91d9\nE   \t0xf93568\nE   \t0x75aa5d49\nE   \t0x779cd5db\nE   \t0x779cd561","flaky":false,"newFailed":false,"newBroken":false,"newPassed":false,"retriesCount":0,"retriesStatusChange":false,"beforeStages":[{"name":"browser_name","time":{"start":1765428469157,"stop":1765428469157,"duration":0},"status":"passed","steps":[],"attachments":[],"parameters":[],"shouldDisplayMessage":false,"attachmentsCount":0,"stepsCount":0,"hasContent":false,"attachmentStep":false},{"name":"slow_mode","time":{"start":1765428469157,"stop":1765428469157,"duration":0},"status":"passed","steps":[],"attachments":[],"parameters":[],"shouldDisplayMessage":false,"attachmentsCount":0,"stepsCount":0,"hasContent":false,"attachmentStep":false},{"name":"headless","time":{"start":1765428469157,"stop":1765428469157,"duration":0},"status":"passed","steps":[],"attachments":[],"parameters":[],"shouldDisplayMessage":false,"attachmentsCount":0,"stepsCount":0,"hasContent":false,"attachmentStep":false},{"name":"test_logger","time":{"start":1765428469158,"stop":1765428469159,"duration":1},"status":"passed","steps":[],"attachments":[],"parameters":[],"shouldDisplayMessage":false,"attachmentsCount":0,"stepsCount":0,"hasContent":false,"attachmentStep":false},{"name":"driver","time":{"start":1765428469159,"stop":1765428495299,"duration":26140},"status":"passed","steps":[],"attachments":[],"parameters":[],"shouldDisplayMessage":false,"attachmentsCount":0,"stepsCount":0,"hasContent":false,"attachmentStep":false}],"testStage":{"description":"Verify that App Store download link is present and functional","status":"broken","statusMessage":"selenium.common.exceptions.TimeoutException: Message: timeout: Timed out receiving message from renderer: 27.079\n  (Session info: chrome=143.0.7499.40)\nStacktrace:\nSymbols not available. Dumping unresolved backtrace:\n\t0xfa0d13\n\t0xfa0d54\n\t0xd8e6dd\n\t0xd7ed49\n\t0xd7ea85\n\t0xd7c94f\n\t0xd7d456\n\t0xd8a09b\n\t0xd9be5e\n\t0xda1976\n\t0xd7dad2\n\t0xd9bbd5\n\t0xe1de45\n\t0xdfb2e6\n\t0xdcd321\n\t0xdce1d4\n\t0x11f4d54\n\t0x11f030b\n\t0x120cbea\n\t0xfbac18\n\t0xfc2c1d\n\t0xfa9018\n\t0xfa91d9\n\t0xf93568\n\t0x75aa5d49\n\t0x779cd5db\n\t0x779cd561","statusTrace":"tests\\test_content_validation.py:49: in test_app_store_link_exists\n    home_page.load()\nsrc\\pages\\home_page.py:18: in load\n    self.navigate_to_url(self.PAGE_URL)\nsrc\\pages\\base_page.py:32: in navigate_to_url\n    self.driver.get(url)\n..\\VirtualEnv\\MVenv\\Lib\\site-packages\\selenium\\webdriver\\remote\\webdriver.py:356: in get\n    self.execute(Command.GET, {\"url\": url})\n..\\VirtualEnv\\MVenv\\Lib\\site-packages\\selenium\\webdriver\\remote\\webdriver.py:347: in execute\n    self.error_handler.check_response(response)\n..\\VirtualEnv\\MVenv\\Lib\\site-packages\\selenium\\webdriver\\remote\\errorhandler.py:229: in check_response\n    raise exception_class(message, screen, stacktrace)\nE   selenium.common.exceptions.TimeoutException: Message: timeout: Timed out receiving message from renderer: 27.079\nE     (Session info: chrome=143.0.7499.40)\nE   Stacktrace:\nE   Symbols not available. Dumping unresolved backtrace:\nE   \t0xfa0d13\nE   \t0xfa0d54\nE   \t0xd8e6dd\nE   \t0xd7ed49\nE   \t0xd7ea85\nE   \t0xd7c94f\nE   \t0xd7d456\nE   \t0xd8a09b\nE   \t0xd9be5e\nE   \t0xda1976\nE   \t0xd7dad2\nE   \t0xd9bbd5\nE   \t0xe1de45\nE   \t0xdfb2e6\nE   \t0xdcd321\nE   \t0xdce1d4\nE   \t0x11f4d54\nE   \t0x11f030b\nE   \t0x120cbea\nE   \t0xfbac18\nE   \t0xfc2c1d\nE   \t0xfa9018\nE   \t0xfa91d9\nE   \t0xf93568\nE   \t0x75aa5d49\nE   \t0x779cd5db\nE   \t0x779cd561","steps":[{"name":"Navigate to Home Page","time":{"start":1765428495301,"stop":1765428525350,"duration":30049},"status":"broken","statusMessage":"selenium.common.exceptions.TimeoutException: Message: timeout: Timed out receiving message from renderer: 27.079\n  (Session info: chrome=143.0.7499.40)\nStacktrace:\nSymbols not available. Dumping unresolved backtrace:\n\t0xfa0d13\n\t0xfa0d54\n\t0xd8e6dd\n\t0xd7ed49\n\t0xd7ea85\n\t0xd7c94f\n\t0xd7d456\n\t0xd8a09b\n\t0xd9be5e\n\t0xda1976\n\t0xd7dad2\n\t0xd9bbd5\n\t0xe1de45\n\t0xdfb2e6\n\t0xdcd321\n\t0xdce1d4\n\t0x11f4d54\n\t0x11f030b\n\t0x120cbea\n\t0xfbac18\n\t0xfc2c1d\n\t0xfa9018\n\t0xfa91d9\n\t0xf93568\n\t0x75aa5d49\n\t0x779cd5db\n\t0x779cd561\n\n","statusTrace":"  File \"C:\\KV_Files\\Automation_Framework\\Task1_TestAutoomationSuite\\src\\pages\\home_page.py\", line 18, in load\n    self.navigate_to_url(self.PAGE_URL)\n    ~~~~~~~~~~~~~~~~~~~~^^^^^^^^^^^^^^^\n  File \"C:\\KV_Files\\Automation_Framework\\Task1_TestAutoomationSuite\\src\\pages\\base_page.py\", line 32, in navigate_to_url\n    self.driver.get(url)\n    ~~~~~~~~~~~~~~~^^^^^\n  File \"C:\\KV_Files\\Automation_Framework\\VirtualEnv\\MVenv\\Lib\\site-packages\\selenium\\webdriver\\remote\\webdriver.py\", line 356, in get\n    self.execute(Command.GET, {\"url\": url})\n    ~~~~~~~~~~~~^^^^^^^^^^^^^^^^^^^^^^^^^^^\n  File \"C:\\KV_Files\\Automation_Framework\\VirtualEnv\\MVenv\\Lib\\site-packages\\selenium\\webdriver\\remote\\webdriver.py\", line 347, in execute\n    self.error_handler.check_response(response)\n    ~~~~~~~~~~~~~~~~~~~~~~~~~~~~~~~~~^^^^^^^^^^\n  File \"C:\\KV_Files\\Automation_Framework\\VirtualEnv\\MVenv\\Lib\\site-packages\\selenium\\webdriver\\remote\\errorhandler.py\", line 229, in check_response\n    raise exception_class(message, screen, stacktrace)\n","steps":[],"attachments":[],"parameters":[],"shouldDisplayMessage":true,"attachmentsCount":0,"stepsCount":0,"hasContent":true,"attachmentStep":false}],"attachments":[{"uid":"eac66b16fc82ac89","name":"log","source":"eac66b16fc82ac89.txt","type":"text/plain","size":2211},{"uid":"a2d8d5dde05d31d1","name":"stdout","source":"a2d8d5dde05d31d1.txt","type":"text/plain","size":95},{"uid":"8edc01e5d33ce3b2","name":"stderr","source":"8edc01e5d33ce3b2.txt","type":"text/plain","size":2406}],"parameters":[],"shouldDisplayMessage":true,"attachmentsCount":3,"stepsCount":1,"hasContent":true,"attachmentStep":false},"afterStages":[{"name":"driver::0","time":{"start":1765428535816,"stop":1765428554996,"duration":19180},"status":"passed","steps":[],"attachments":[],"parameters":[],"shouldDisplayMessage":false,"attachmentsCount":0,"stepsCount":0,"hasContent":false,"attachmentStep":false},{"name":"test_logger::0","time":{"start":1765428554997,"stop":1765428554997,"duration":0},"status":"passed","steps":[],"attachments":[],"parameters":[],"shouldDisplayMessage":false,"attachmentsCount":0,"stepsCount":0,"hasContent":false,"attachmentStep":false}],"labels":[{"name":"feature","value":"Content Validation"},{"name":"story","value":"Marketing Banners and Downloads"},{"name":"tag","value":"smoke"},{"name":"parentSuite","value":"tests"},{"name":"suite","value":"test_content_validation"},{"name":"subSuite","value":"TestContentValidation"},{"name":"host","value":"DESKTOP-T0SL6VJ"},{"name":"thread","value":"32756-MainThread"},{"name":"framework","value":"pytest"},{"name":"language","value":"cpython3"},{"name":"package","value":"tests.test_content_validation"},{"name":"resultFormat","value":"allure2"}],"parameters":[],"links":[],"hidden":true,"retry":true,"extra":{"categories":[],"tags":["smoke"]},"source":"d231a1512569874c.json","parameterValues":[]}