{"uid":"dd5d71cc4ce463df","name":"Verify page title is correct","fullName":"tests.test_navigation.TestNavigation#test_page_title","historyId":"5c82794f12f6a904a37f66145338e270","time":{"start":1765428510586,"stop":1765428540729,"duration":30143},"description":"Verify that the home page has the correct title","descriptionHtml":"<p>Verify that the home page has the correct title</p>\n","status":"broken","statusMessage":"selenium.common.exceptions.TimeoutException: Message: timeout: Timed out receiving message from renderer: 29.003\n  (Session info: chrome=143.0.7499.40)\nStacktrace:\nSymbols not available. Dumping unresolved backtrace:\n\t0xb50d13\n\t0xb50d54\n\t0x93e6dd\n\t0x92ed49\n\t0x92ea85\n\t0x92c94f\n\t0x92d456\n\t0x93a09b\n\t0x94be5e\n\t0x951976\n\t0x92dad2\n\t0x94bbd5\n\t0x9cde45\n\t0x9ab2e6\n\t0x97d321\n\t0x97e1d4\n\t0xda4d54\n\t0xda030b\n\t0xdbcbea\n\t0xb6ac18\n\t0xb72c1d\n\t0xb59018\n\t0xb591d9\n\t0xb43568\n\t0x75aa5d49\n\t0x779cd5db\n\t0x779cd561","statusTrace":"tests\\test_navigation.py:87: in test_page_title\n    home_page.load()\nsrc\\pages\\home_page.py:18: in load\n    self.navigate_to_url(self.PAGE_URL)\nsrc\\pages\\base_page.py:32: in navigate_to_url\n    self.driver.get(url)\n..\\VirtualEnv\\MVenv\\Lib\\site-packages\\selenium\\webdriver\\remote\\webdriver.py:356: in get\n    self.execute(Command.GET, {\"url\": url})\n..\\VirtualEnv\\MVenv\\Lib\\site-packages\\selenium\\webdriver\\remote\\webdriver.py:347: in execute\n    self.error_handler.check_response(response)\n..\\VirtualEnv\\MVenv\\Lib\\site-packages\\selenium\\webdriver\\remote\\errorhandler.py:229: in check_response\n    raise exception_class(message, screen, stacktrace)\nE   selenium.common.exceptions.TimeoutException: Message: timeout: Timed out receiving message from renderer: 29.003\nE     (Session info: chrome=143.0.7499.40)\nE   Stacktrace:\nE   Symbols not available. Dumping unresolved backtrace:\nE   \t0xb50d13\nE   \t0xb50d54\nE   \t0x93e6dd\nE   \t0x92ed49\nE   \t0x92ea85\nE   \t0x92c94f\nE   \t0x92d456\nE   \t0x93a09b\nE   \t0x94be5e\nE   \t0x951976\nE   \t0x92dad2\nE   \t0x94bbd5\nE   \t0x9cde45\nE   \t0x9ab2e6\nE   \t0x97d321\nE   \t0x97e1d4\nE   \t0xda4d54\nE   \t0xda030b\nE   \t0xdbcbea\nE   \t0xb6ac18\nE   \t0xb72c1d\nE   \t0xb59018\nE   \t0xb591d9\nE   \t0xb43568\nE   \t0x75aa5d49\nE   \t0x779cd5db\nE   \t0x779cd561","flaky":false,"newFailed":false,"newBroken":false,"newPassed":false,"retriesCount":0,"retriesStatusChange":false,"beforeStages":[{"name":"browser_name","time":{"start":1765428469157,"stop":1765428469157,"duration":0},"status":"passed","steps":[],"attachments":[],"parameters":[],"shouldDisplayMessage":false,"attachmentsCount":0,"stepsCount":0,"hasContent":false,"attachmentStep":false},{"name":"slow_mode","time":{"start":1765428469158,"stop":1765428469158,"duration":0},"status":"passed","steps":[],"attachments":[],"parameters":[],"shouldDisplayMessage":false,"attachmentsCount":0,"stepsCount":0,"hasContent":false,"attachmentStep":false},{"name":"headless","time":{"start":1765428469158,"stop":1765428469158,"duration":0},"status":"passed","steps":[],"attachments":[],"parameters":[],"shouldDisplayMessage":false,"attachmentsCount":0,"stepsCount":0,"hasContent":false,"attachmentStep":false},{"name":"test_logger","time":{"start":1765428469158,"stop":1765428469160,"duration":2},"status":"passed","steps":[],"attachments":[],"parameters":[],"shouldDisplayMessage":false,"attachmentsCount":0,"stepsCount":0,"hasContent":false,"attachmentStep":false},{"name":"driver","time":{"start":1765428469161,"stop":1765428510584,"duration":41423},"status":"passed","steps":[],"attachments":[],"parameters":[],"shouldDisplayMessage":false,"attachmentsCount":0,"stepsCount":0,"hasContent":false,"attachmentStep":false}],"testStage":{"description":"Verify that the home page has the correct title","status":"broken","statusMessage":"selenium.common.exceptions.TimeoutException: Message: timeout: Timed out receiving message from renderer: 29.003\n  (Session info: chrome=143.0.7499.40)\nStacktrace:\nSymbols not available. Dumping unresolved backtrace:\n\t0xb50d13\n\t0xb50d54\n\t0x93e6dd\n\t0x92ed49\n\t0x92ea85\n\t0x92c94f\n\t0x92d456\n\t0x93a09b\n\t0x94be5e\n\t0x951976\n\t0x92dad2\n\t0x94bbd5\n\t0x9cde45\n\t0x9ab2e6\n\t0x97d321\n\t0x97e1d4\n\t0xda4d54\n\t0xda030b\n\t0xdbcbea\n\t0xb6ac18\n\t0xb72c1d\n\t0xb59018\n\t0xb591d9\n\t0xb43568\n\t0x75aa5d49\n\t0x779cd5db\n\t0x779cd561","statusTrace":"tests\\test_navigation.py:87: in test_page_title\n    home_page.load()\nsrc\\pages\\home_page.py:18: in load\n    self.navigate_to_url(self.PAGE_URL)\nsrc\\pages\\base_page.py:32: in navigate_to_url\n    self.driver.get(url)\n..\\VirtualEnv\\MVenv\\Lib\\site-packages\\selenium\\webdriver\\remote\\webdriver.py:356: in get\n    self.execute(Command.GET, {\"url\": url})\n..\\VirtualEnv\\MVenv\\Lib\\site-packages\\selenium\\webdriver\\remote\\webdriver.py:347: in execute\n    self.error_handler.check_response(response)\n..\\VirtualEnv\\MVenv\\Lib\\site-packages\\selenium\\webdriver\\remote\\errorhandler.py:229: in check_response\n    raise exception_class(message, screen, stacktrace)\nE   selenium.common.exceptions.TimeoutException: Message: timeout: Timed out receiving message from renderer: 29.003\nE     (Session info: chrome=143.0.7499.40)\nE   Stacktrace:\nE   Symbols not available. Dumping unresolved backtrace:\nE   \t0xb50d13\nE   \t0xb50d54\nE   \t0x93e6dd\nE   \t0x92ed49\nE   \t0x92ea85\nE   \t0x92c94f\nE   \t0x92d456\nE   \t0x93a09b\nE   \t0x94be5e\nE   \t0x951976\nE   \t0x92dad2\nE   \t0x94bbd5\nE   \t0x9cde45\nE   \t0x9ab2e6\nE   \t0x97d321\nE   \t0x97e1d4\nE   \t0xda4d54\nE   \t0xda030b\nE   \t0xdbcbea\nE   \t0xb6ac18\nE   \t0xb72c1d\nE   \t0xb59018\nE   \t0xb591d9\nE   \t0xb43568\nE   \t0x75aa5d49\nE   \t0x779cd5db\nE   \t0x779cd561","steps":[{"name":"Navigate to Home Page","time":{"start":1765428510587,"stop":1765428540721,"duration":30134},"status":"broken","statusMessage":"selenium.common.exceptions.TimeoutException: Message: timeout: Timed out receiving message from renderer: 29.003\n  (Session info: chrome=143.0.7499.40)\nStacktrace:\nSymbols not available. Dumping unresolved backtrace:\n\t0xb50d13\n\t0xb50d54\n\t0x93e6dd\n\t0x92ed49\n\t0x92ea85\n\t0x92c94f\n\t0x92d456\n\t0x93a09b\n\t0x94be5e\n\t0x951976\n\t0x92dad2\n\t0x94bbd5\n\t0x9cde45\n\t0x9ab2e6\n\t0x97d321\n\t0x97e1d4\n\t0xda4d54\n\t0xda030b\n\t0xdbcbea\n\t0xb6ac18\n\t0xb72c1d\n\t0xb59018\n\t0xb591d9\n\t0xb43568\n\t0x75aa5d49\n\t0x779cd5db\n\t0x779cd561\n\n","statusTrace":"  File \"C:\\KV_Files\\Automation_Framework\\Task1_TestAutoomationSuite\\src\\pages\\home_page.py\", line 18, in load\n    self.navigate_to_url(self.PAGE_URL)\n    ~~~~~~~~~~~~~~~~~~~~^^^^^^^^^^^^^^^\n  File \"C:\\KV_Files\\Automation_Framework\\Task1_TestAutoomationSuite\\src\\pages\\base_page.py\", line 32, in navigate_to_url\n    self.driver.get(url)\n    ~~~~~~~~~~~~~~~^^^^^\n  File \"C:\\KV_Files\\Automation_Framework\\VirtualEnv\\MVenv\\Lib\\site-packages\\selenium\\webdriver\\remote\\webdriver.py\", line 356, in get\n    self.execute(Command.GET, {\"url\": url})\n    ~~~~~~~~~~~~^^^^^^^^^^^^^^^^^^^^^^^^^^^\n  File \"C:\\KV_Files\\Automation_Framework\\VirtualEnv\\MVenv\\Lib\\site-packages\\selenium\\webdriver\\remote\\webdriver.py\", line 347, in execute\n    self.error_handler.check_response(response)\n    ~~~~~~~~~~~~~~~~~~~~~~~~~~~~~~~~~^^^^^^^^^^\n  File \"C:\\KV_Files\\Automation_Framework\\VirtualEnv\\MVenv\\Lib\\site-packages\\selenium\\webdriver\\remote\\errorhandler.py\", line 229, in check_response\n    raise exception_class(message, screen, stacktrace)\n","steps":[],"attachments":[],"parameters":[],"shouldDisplayMessage":true,"attachmentsCount":0,"stepsCount":0,"hasContent":true,"attachmentStep":false}],"attachments":[{"uid":"ca2252051673eb04","name":"log","source":"ca2252051673eb04.txt","type":"text/plain","size":2191},{"uid":"1a4aec8373aad753","name":"stdout","source":"1a4aec8373aad753.txt","type":"text/plain","size":95},{"uid":"64b6a0bbd709e135","name":"stderr","source":"64b6a0bbd709e135.txt","type":"text/plain","size":2375}],"parameters":[],"shouldDisplayMessage":true,"attachmentsCount":3,"stepsCount":1,"hasContent":true,"attachmentStep":false},"afterStages":[{"name":"driver::0","time":{"start":1765428543166,"stop":1765428554758,"duration":11592},"status":"passed","steps":[],"attachments":[],"parameters":[],"shouldDisplayMessage":false,"attachmentsCount":0,"stepsCount":0,"hasContent":false,"attachmentStep":false},{"name":"test_logger::0","time":{"start":1765428554759,"stop":1765428554759,"duration":0},"status":"passed","steps":[],"attachments":[],"parameters":[],"shouldDisplayMessage":false,"attachmentsCount":0,"stepsCount":0,"hasContent":false,"attachmentStep":false}],"labels":[{"name":"story","value":"Top Navigation Menu"},{"name":"feature","value":"Navigation & Layout"},{"name":"tag","value":"smoke"},{"name":"parentSuite","value":"tests"},{"name":"suite","value":"test_navigation"},{"name":"subSuite","value":"TestNavigation"},{"name":"host","value":"DESKTOP-T0SL6VJ"},{"name":"thread","value":"10252-MainThread"},{"name":"framework","value":"pytest"},{"name":"language","value":"cpython3"},{"name":"package","value":"tests.test_navigation"},{"name":"resultFormat","value":"allure2"}],"parameters":[],"links":[],"hidden":true,"retry":true,"extra":{"categories":[],"tags":["smoke"]},"source":"dd5d71cc4ce463df.json","parameterValues":[]}